
48525 : 0x4d7ec010744 : 1 : spill_jit_data :  Jit agent is not initialized
47534 : 0x4d7ec017a20 : 2 : ittapi_config_mask_get :  --itt-config mask to be applied: 39
47534 : 0x4d7ec01cbfa : 2 : ittapi_config_apply_per_lib :  ITTAPI function instrumented: __itt_domain_create
47534 : 0x4d7ec01de28 : 2 : ittapi_config_apply_per_lib :  ITTAPI function instrumented: __itt_string_handle_create
47534 : 0x4d7ec01e8d0 : 2 : ittapi_config_apply_per_lib :  ITTAPI function instrumented: __itt_counter_create
47534 : 0x4d7ec01f2a6 : 2 : ittapi_config_apply_per_lib :  ITTAPI function instrumented: __itt_counter_create_typed
47534 : 0x4d7ec01ff5c : 2 : ittapi_config_apply_per_lib :  ITTAPI function instrumented: __itt_pause
47534 : 0x4d7ec020a6a : 2 : ittapi_config_apply_per_lib :  ITTAPI function instrumented: __itt_resume
47534 : 0x4d7ec021216 : 2 : ittapi_config_apply_per_lib :  ITTAPI function instrumented: __itt_thread_set_name
47534 : 0x4d7ec0219f0 : 2 : ittapi_config_apply_per_lib :  ITTAPI function instrumented: __itt_thread_ignore
47534 : 0x4d7ec02dfbc : 2 : ittapi_config_apply_per_lib :  ITTAPI function instrumented: __itt_thr_name_set
47534 : 0x4d7ec02ebae : 2 : ittapi_config_apply_per_lib :  ITTAPI function instrumented: __itt_thr_ignore
47534 : 0x4d7ec02ffb4 : 2 : ittapi_config_apply_per_lib :  ITTAPI function not implemented: __itt_enable_attach
47534 : 0x4d7ec030c40 : 2 : ittapi_config_apply_per_lib :  ITTAPI function instrumented: __itt_detach
47534 : 0x4d7ec0313b4 : 2 : ittapi_config_apply_per_lib :  ITTAPI function NOT instrumented (not matched by --itt-config option): __itt_sync_create

47534 : 0x4d7ec031c92 : 2 : ittapi_config_apply_per_lib :  ITTAPI function NOT instrumented (not matched by --itt-config option): __itt_sync_rename

47534 : 0x4d7ec0322d8 : 2 : ittapi_config_apply_per_lib :  ITTAPI function NOT instrumented (not matched by --itt-config option): __itt_sync_destroy

47534 : 0x4d7ec032a3a : 2 : ittapi_config_apply_per_lib :  ITTAPI function NOT instrumented (not matched by --itt-config option): __itt_sync_prepare

47534 : 0x4d7ec033036 : 2 : ittapi_config_apply_per_lib :  ITTAPI function NOT instrumented (not matched by --itt-config option): __itt_sync_cancel

47534 : 0x4d7ec033664 : 2 : ittapi_config_apply_per_lib :  ITTAPI function NOT instrumented (not matched by --itt-config option): __itt_sync_acquired

47534 : 0x4d7ec0369fc : 2 : ittapi_config_apply_per_lib :  ITTAPI function NOT instrumented (not matched by --itt-config option): __itt_sync_releasing

47534 : 0x4d7ec0377ac : 2 : ittapi_config_apply_per_lib :  ITTAPI function not implemented: __itt_suppress_push
47534 : 0x4d7ec0384a8 : 2 : ittapi_config_apply_per_lib :  ITTAPI function not implemented: __itt_suppress_pop
47534 : 0x4d7ec038e32 : 2 : ittapi_config_apply_per_lib :  ITTAPI function not implemented: __itt_suppress_mark_range
47534 : 0x4d7ec039902 : 2 : ittapi_config_apply_per_lib :  ITTAPI function not implemented: __itt_suppress_clear_range
47534 : 0x4d7ec039f68 : 2 : ittapi_config_apply_per_lib :  ITTAPI function NOT instrumented (not matched by --itt-config option): __itt_sync_prepare

47534 : 0x4d7ec03a58c : 2 : ittapi_config_apply_per_lib :  ITTAPI function NOT instrumented (not matched by --itt-config option): __itt_sync_cancel

47534 : 0x4d7ec03ab88 : 2 : ittapi_config_apply_per_lib :  ITTAPI function NOT instrumented (not matched by --itt-config option): __itt_sync_acquired

47534 : 0x4d7ec03b216 : 2 : ittapi_config_apply_per_lib :  ITTAPI function NOT instrumented (not matched by --itt-config option): __itt_sync_releasing

47534 : 0x4d7ec03b8fa : 2 : ittapi_config_apply_per_lib :  ITTAPI function NOT instrumented (not matched by --itt-config option): __itt_model_site_begin

47534 : 0x4d7ec03e0aa : 2 : ittapi_config_apply_per_lib :  ITTAPI function NOT instrumented (not matched by --itt-config option): __itt_model_site_end

47534 : 0x4d7ec03e7ce : 2 : ittapi_config_apply_per_lib :  ITTAPI function NOT instrumented (not matched by --itt-config option): __itt_model_task_begin

47534 : 0x4d7ec03eee2 : 2 : ittapi_config_apply_per_lib :  ITTAPI function NOT instrumented (not matched by --itt-config option): __itt_model_task_end

47534 : 0x4d7ec03f54e : 2 : ittapi_config_apply_per_lib :  ITTAPI function NOT instrumented (not matched by --itt-config option): __itt_model_lock_acquire

47534 : 0x4d7ec03fcc0 : 2 : ittapi_config_apply_per_lib :  ITTAPI function NOT instrumented (not matched by --itt-config option): __itt_model_lock_release

47534 : 0x4d7ec04032a : 2 : ittapi_config_apply_per_lib :  ITTAPI function NOT instrumented (not matched by --itt-config option): __itt_model_record_allocation

47534 : 0x4d7ec0409ee : 2 : ittapi_config_apply_per_lib :  ITTAPI function NOT instrumented (not matched by --itt-config option): __itt_model_record_deallocation

47534 : 0x4d7ec040f8c : 2 : ittapi_config_apply_per_lib :  ITTAPI function NOT instrumented (not matched by --itt-config option): __itt_model_induction_uses

47534 : 0x4d7ec041522 : 2 : ittapi_config_apply_per_lib :  ITTAPI function NOT instrumented (not matched by --itt-config option): __itt_model_reduction_uses

47534 : 0x4d7ec041a90 : 2 : ittapi_config_apply_per_lib :  ITTAPI function NOT instrumented (not matched by --itt-config option): __itt_model_observe_uses

47534 : 0x4d7ec0458b0 : 2 : ittapi_config_apply_per_lib :  ITTAPI function NOT instrumented (not matched by --itt-config option): __itt_model_clear_uses

47534 : 0x4d7ec045f32 : 2 : ittapi_config_apply_per_lib :  ITTAPI function NOT instrumented (not matched by --itt-config option): __itt_model_site_beginA

47534 : 0x4d7ec0464fa : 2 : ittapi_config_apply_per_lib :  ITTAPI function NOT instrumented (not matched by --itt-config option): __itt_model_site_beginAL

47534 : 0x4d7ec046a88 : 2 : ittapi_config_apply_per_lib :  ITTAPI function NOT instrumented (not matched by --itt-config option): __itt_model_task_beginA

47534 : 0x4d7ec047008 : 2 : ittapi_config_apply_per_lib :  ITTAPI function NOT instrumented (not matched by --itt-config option): __itt_model_task_beginAL

47534 : 0x4d7ec04757a : 2 : ittapi_config_apply_per_lib :  ITTAPI function NOT instrumented (not matched by --itt-config option): __itt_model_iteration_taskA

47534 : 0x4d7ec047af8 : 2 : ittapi_config_apply_per_lib :  ITTAPI function NOT instrumented (not matched by --itt-config option): __itt_model_iteration_taskAL

47534 : 0x4d7ec048062 : 2 : ittapi_config_apply_per_lib :  ITTAPI function NOT instrumented (not matched by --itt-config option): __itt_model_site_end_2

47534 : 0x4d7ec0485e8 : 2 : ittapi_config_apply_per_lib :  ITTAPI function NOT instrumented (not matched by --itt-config option): __itt_model_task_end_2

47534 : 0x4d7ec048b9c : 2 : ittapi_config_apply_per_lib :  ITTAPI function NOT instrumented (not matched by --itt-config option): __itt_model_lock_acquire_2

47534 : 0x4d7ec04af30 : 2 : ittapi_config_apply_per_lib :  ITTAPI function NOT instrumented (not matched by --itt-config option): __itt_model_lock_release_2

47534 : 0x4d7ec04b5a6 : 2 : ittapi_config_apply_per_lib :  ITTAPI function NOT instrumented (not matched by --itt-config option): __itt_model_aggregate_task

47534 : 0x4d7ec04bbae : 2 : ittapi_config_apply_per_lib :  ITTAPI function NOT instrumented (not matched by --itt-config option): __itt_model_disable_push

47534 : 0x4d7ec04c13c : 2 : ittapi_config_apply_per_lib :  ITTAPI function NOT instrumented (not matched by --itt-config option): __itt_model_disable_pop

47534 : 0x4d7ec04ca50 : 2 : ittapi_config_apply_per_lib :  ITTAPI function instrumented: __itt_heap_function_create
47534 : 0x4d7ec04d398 : 2 : ittapi_config_apply_per_lib :  ITTAPI function instrumented: __itt_heap_allocate_begin
47534 : 0x4d7ec04dba8 : 2 : ittapi_config_apply_per_lib :  ITTAPI function instrumented: __itt_heap_allocate_end
47534 : 0x4d7ec04e548 : 2 : ittapi_config_apply_per_lib :  ITTAPI function instrumented: __itt_heap_free_begin
47534 : 0x4d7ec04ed08 : 2 : ittapi_config_apply_per_lib :  ITTAPI function instrumented: __itt_heap_free_end
47534 : 0x4d7ec04f57c : 2 : ittapi_config_apply_per_lib :  ITTAPI function instrumented: __itt_heap_reallocate_begin
47534 : 0x4d7ec051ab2 : 2 : ittapi_config_apply_per_lib :  ITTAPI function instrumented: __itt_heap_reallocate_end
47534 : 0x4d7ec052858 : 2 : ittapi_config_apply_per_lib :  ITTAPI function not implemented: __itt_heap_internal_access_begin
47534 : 0x4d7ec05332c : 2 : ittapi_config_apply_per_lib :  ITTAPI function not implemented: __itt_heap_internal_access_end
47534 : 0x4d7ec053d30 : 2 : ittapi_config_apply_per_lib :  ITTAPI function not implemented: __itt_heap_record_memory_growth_begin
47534 : 0x4d7ec0546bc : 2 : ittapi_config_apply_per_lib :  ITTAPI function not implemented: __itt_heap_record_memory_growth_end
47534 : 0x4d7ec055130 : 2 : ittapi_config_apply_per_lib :  ITTAPI function not implemented: __itt_heap_reset_detection
47534 : 0x4d7ec055c72 : 2 : ittapi_config_apply_per_lib :  ITTAPI function not implemented: __itt_heap_record
47534 : 0x4d7ec056754 : 2 : ittapi_config_apply_per_lib :  ITTAPI function not implemented: __itt_id_create
47534 : 0x4d7ec057218 : 2 : ittapi_config_apply_per_lib :  ITTAPI function not implemented: __itt_id_destroy
47534 : 0x4d7ec057bb0 : 2 : ittapi_config_apply_per_lib :  ITTAPI function instrumented: __itt_get_timestamp
47534 : 0x4d7ec05b16a : 2 : ittapi_config_apply_per_lib :  ITTAPI function not implemented: __itt_region_begin
47534 : 0x4d7ec05bce2 : 2 : ittapi_config_apply_per_lib :  ITTAPI function not implemented: __itt_region_end
47534 : 0x4d7ec05c750 : 2 : ittapi_config_apply_per_lib :  ITTAPI function instrumented: __itt_frame_begin_v3
47534 : 0x4d7ec05d0f0 : 2 : ittapi_config_apply_per_lib :  ITTAPI function instrumented: __itt_frame_end_v3
47534 : 0x4d7ec05da12 : 2 : ittapi_config_apply_per_lib :  ITTAPI function instrumented: __itt_frame_submit_v3
47534 : 0x4d7ec05e404 : 2 : ittapi_config_apply_per_lib :  ITTAPI function not implemented: __itt_task_group
47534 : 0x4d7ec05ed1c : 2 : ittapi_config_apply_per_lib :  ITTAPI function instrumented: __itt_task_begin
47534 : 0x4d7ec05f5ae : 2 : ittapi_config_apply_per_lib :  ITTAPI function instrumented: __itt_task_begin_fn
47534 : 0x4d7ec05fe74 : 2 : ittapi_config_apply_per_lib :  ITTAPI function instrumented: __itt_task_end
47534 : 0x4d7ec0608fc : 2 : ittapi_config_apply_per_lib :  ITTAPI function not implemented: __itt_counter_inc_v3
47534 : 0x4d7ec063074 : 2 : ittapi_config_apply_per_lib :  ITTAPI function not implemented: __itt_counter_inc_delta_v3
47534 : 0x4d7ec0639fc : 2 : ittapi_config_apply_per_lib :  ITTAPI function not implemented: __itt_counter_dec_v3
47534 : 0x4d7ec0643ca : 2 : ittapi_config_apply_per_lib :  ITTAPI function not implemented: __itt_counter_dec_delta_v3
47534 : 0x4d7ec064ee2 : 2 : ittapi_config_apply_per_lib :  ITTAPI function not implemented: __itt_marker
47534 : 0x4d7ec0658f2 : 2 : ittapi_config_apply_per_lib :  ITTAPI function instrumented: __itt_metadata_add
47534 : 0x4d7ec066434 : 2 : ittapi_config_apply_per_lib :  ITTAPI function not implemented: __itt_metadata_str_add
47534 : 0x4d7ec066d4e : 2 : ittapi_config_apply_per_lib :  ITTAPI function not implemented: __itt_relation_add_to_current
47534 : 0x4d7ec067694 : 2 : ittapi_config_apply_per_lib :  ITTAPI function not implemented: __itt_relation_add
47534 : 0x4d7ec067efe : 2 : ittapi_config_apply_per_lib :  ITTAPI function instrumented: __itt_event_create
47534 : 0x4d7ec068796 : 2 : ittapi_config_apply_per_lib :  ITTAPI function instrumented: __itt_event_start
47534 : 0x4d7ec06acc6 : 2 : ittapi_config_apply_per_lib :  ITTAPI function instrumented: __itt_event_end
47534 : 0x4d7ec06b3fe : 2 : ittapi_config_apply_per_lib :  ITTAPI function NOT instrumented (not matched by --itt-config option): __itt_sync_set_name

47534 : 0x4d7ec06bad4 : 2 : ittapi_config_apply_per_lib :  ITTAPI function NOT instrumented (not matched by --itt-config option): __itt_notify_sync_name

47534 : 0x4d7ec06c108 : 2 : ittapi_config_apply_per_lib :  ITTAPI function NOT instrumented (not matched by --itt-config option): __itt_notify_sync_prepare

47534 : 0x4d7ec06c6d6 : 2 : ittapi_config_apply_per_lib :  ITTAPI function NOT instrumented (not matched by --itt-config option): __itt_notify_sync_cancel

47534 : 0x4d7ec06cc78 : 2 : ittapi_config_apply_per_lib :  ITTAPI function NOT instrumented (not matched by --itt-config option): __itt_notify_sync_acquired

47534 : 0x4d7ec06d1ee : 2 : ittapi_config_apply_per_lib :  ITTAPI function NOT instrumented (not matched by --itt-config option): __itt_notify_sync_releasing

47534 : 0x4d7ec06dbb6 : 2 : ittapi_config_apply_per_lib :  ITTAPI function not implemented: __itt_memory_read
47534 : 0x4d7ec06e58e : 2 : ittapi_config_apply_per_lib :  ITTAPI function not implemented: __itt_memory_write
47534 : 0x4d7ec06eecc : 2 : ittapi_config_apply_per_lib :  ITTAPI function not implemented: __itt_memory_update
47534 : 0x4d7ec07247e : 2 : ittapi_config_apply_per_lib :  ITTAPI function not implemented: __itt_state_get
47534 : 0x4d7ec072df2 : 2 : ittapi_config_apply_per_lib :  ITTAPI function not implemented: __itt_state_set
47534 : 0x4d7ec073688 : 2 : ittapi_config_apply_per_lib :  ITTAPI function not implemented: __itt_obj_mode_set
47534 : 0x4d7ec073f2e : 2 : ittapi_config_apply_per_lib :  ITTAPI function not implemented: __itt_thr_mode_set
47534 : 0x4d7ec0747b6 : 2 : ittapi_config_apply_per_lib :  ITTAPI function instrumented: __itt_frame_create
47534 : 0x4d7ec074ff2 : 2 : ittapi_config_apply_per_lib :  ITTAPI function instrumented: __itt_pt_region_create
47534 : 0x4d7ec0758a0 : 2 : ittapi_config_apply_per_lib :  ITTAPI function instrumented: __itt_frame_begin
47534 : 0x4d7ec0760de : 2 : ittapi_config_apply_per_lib :  ITTAPI function instrumented: __itt_frame_end
47534 : 0x4d7ec076a1a : 2 : ittapi_config_apply_per_lib :  ITTAPI function not implemented: __itt_counter_destroy
47534 : 0x4d7ec07738c : 2 : ittapi_config_apply_per_lib :  ITTAPI function instrumented: __itt_counter_inc
47534 : 0x4d7ec079962 : 2 : ittapi_config_apply_per_lib :  ITTAPI function instrumented: __itt_counter_inc_delta
47534 : 0x4d7ec07a396 : 2 : ittapi_config_apply_per_lib :  ITTAPI function instrumented: __itt_counter_dec
47534 : 0x4d7ec07ac54 : 2 : ittapi_config_apply_per_lib :  ITTAPI function instrumented: __itt_counter_dec_delta
47534 : 0x4d7ec07b3ee : 2 : ittapi_config_apply_per_lib :  ITTAPI function instrumented: __itt_counter_set_value
47534 : 0x4d7ec07bd10 : 2 : ittapi_config_apply_per_lib :  ITTAPI function not implemented: __itt_counter_set_value_ex
47534 : 0x4d7ec07c632 : 2 : ittapi_config_apply_per_lib :  ITTAPI function not implemented: __itt_mark_create
47534 : 0x4d7ec07cff4 : 2 : ittapi_config_apply_per_lib :  ITTAPI function not implemented: __itt_mark
47534 : 0x4d7ec07d9c4 : 2 : ittapi_config_apply_per_lib :  ITTAPI function not implemented: __itt_mark_off
47534 : 0x4d7ec07e3a6 : 2 : ittapi_config_apply_per_lib :  ITTAPI function not implemented: __itt_mark_global
47534 : 0x4d7ec07ec86 : 2 : ittapi_config_apply_per_lib :  ITTAPI function not implemented: __itt_mark_global_off
47534 : 0x4d7ec081252 : 2 : ittapi_config_apply_per_lib :  ITTAPI function NOT instrumented (not matched by --itt-config option): __itt_stack_caller_create

47534 : 0x4d7ec0819d8 : 2 : ittapi_config_apply_per_lib :  ITTAPI function NOT instrumented (not matched by --itt-config option): __itt_stack_caller_destroy

47534 : 0x4d7ec082134 : 2 : ittapi_config_apply_per_lib :  ITTAPI function NOT instrumented (not matched by --itt-config option): __itt_stack_callee_enter

47534 : 0x4d7ec0827b8 : 2 : ittapi_config_apply_per_lib :  ITTAPI function NOT instrumented (not matched by --itt-config option): __itt_stack_callee_leave

47534 : 0x4d7ec083146 : 2 : ittapi_config_apply_per_lib :  ITTAPI function not implemented: __itt_clock_domain_create
47534 : 0x4d7ec083c8e : 2 : ittapi_config_apply_per_lib :  ITTAPI function not implemented: __itt_clock_domain_reset
47534 : 0x4d7ec084562 : 2 : ittapi_config_apply_per_lib :  ITTAPI function not implemented: __itt_id_create_ex
47534 : 0x4d7ec084ff8 : 2 : ittapi_config_apply_per_lib :  ITTAPI function not implemented: __itt_id_destroy_ex
47534 : 0x4d7ec085a60 : 2 : ittapi_config_apply_per_lib :  ITTAPI function not implemented: __itt_task_begin_ex
47534 : 0x4d7ec086360 : 2 : ittapi_config_apply_per_lib :  ITTAPI function not implemented: __itt_task_begin_fn_ex
47534 : 0x4d7ec089b18 : 2 : ittapi_config_apply_per_lib :  ITTAPI function not implemented: __itt_task_end_ex
47534 : 0x4d7ec08a586 : 2 : ittapi_config_apply_per_lib :  ITTAPI function instrumented: __itt_task_begin_overlapped
47534 : 0x4d7ec08af9c : 2 : ittapi_config_apply_per_lib :  ITTAPI function not implemented: __itt_task_begin_overlapped_ex
47534 : 0x4d7ec08b9d8 : 2 : ittapi_config_apply_per_lib :  ITTAPI function instrumented: __itt_task_end_overlapped
47534 : 0x4d7ec08c49e : 2 : ittapi_config_apply_per_lib :  ITTAPI function not implemented: __itt_task_end_overlapped_ex
47534 : 0x4d7ec08cd4e : 2 : ittapi_config_apply_per_lib :  ITTAPI function not implemented: __itt_marker_ex
47534 : 0x4d7ec08d6ec : 2 : ittapi_config_apply_per_lib :  ITTAPI function not implemented: __itt_metadata_add_with_scope
47534 : 0x4d7ec08e0cc : 2 : ittapi_config_apply_per_lib :  ITTAPI function not implemented: __itt_metadata_str_add_with_scope
47534 : 0x4d7ec08ea6e : 2 : ittapi_config_apply_per_lib :  ITTAPI function not implemented: __itt_relation_add_to_current_ex
47534 : 0x4d7ec08f32a : 2 : ittapi_config_apply_per_lib :  ITTAPI function not implemented: __itt_relation_add_ex
47534 : 0x4d7ec092170 : 2 : ittapi_config_apply_per_lib :  ITTAPI function not implemented: __itt_track_group_create
47534 : 0x4d7ec092b38 : 2 : ittapi_config_apply_per_lib :  ITTAPI function not implemented: __itt_track_create
47534 : 0x4d7ec09345e : 2 : ittapi_config_apply_per_lib :  ITTAPI function not implemented: __itt_set_track
47534 : 0x4d7ec093d04 : 2 : ittapi_config_apply_per_lib :  ITTAPI function instrumented: __itt_api_version
47534 : 0x4d7ec09461c : 2 : ittapi_config_apply_per_lib :  ITTAPI function not implemented: __itt_av_save
47534 : 0x4d7ec094e32 : 2 : ittapi_config_apply_per_lib :  ITTAPI function instrumented: __itt_module_load
47534 : 0x4d7ee9c25b8 : 2 : ittapi_config_mask_get :  --itt-config mask to be applied: 39
47534 : 0x4d7ee9c6504 : 2 : ittapi_config_apply_per_lib :  ITTAPI function instrumented: __itt_domain_create
47534 : 0x4d7ee9c7394 : 2 : ittapi_config_apply_per_lib :  ITTAPI function instrumented: __itt_string_handle_create
47534 : 0x4d7ee9c7dac : 2 : ittapi_config_apply_per_lib :  ITTAPI function instrumented: __itt_counter_create
47534 : 0x4d7ee9d1b00 : 2 : ittapi_config_apply_per_lib :  ITTAPI function instrumented: __itt_counter_create_typed
47534 : 0x4d7ee9d280e : 2 : ittapi_config_apply_per_lib :  ITTAPI function instrumented: __itt_pause
47534 : 0x4d7ee9d3290 : 2 : ittapi_config_apply_per_lib :  ITTAPI function instrumented: __itt_resume
47534 : 0x4d7ee9d3c40 : 2 : ittapi_config_apply_per_lib :  ITTAPI function instrumented: __itt_thread_set_name
47534 : 0x4d7ee9d4560 : 2 : ittapi_config_apply_per_lib :  ITTAPI function instrumented: __itt_thread_ignore
47534 : 0x4d7ee9d4dc4 : 2 : ittapi_config_apply_per_lib :  ITTAPI function instrumented: __itt_thr_name_set
47534 : 0x4d7ee9d5590 : 2 : ittapi_config_apply_per_lib :  ITTAPI function instrumented: __itt_thr_ignore
47534 : 0x4d7ee9d6564 : 2 : ittapi_config_apply_per_lib :  ITTAPI function not implemented: __itt_enable_attach
47534 : 0x4d7ee9d7134 : 2 : ittapi_config_apply_per_lib :  ITTAPI function instrumented: __itt_detach
47534 : 0x4d7ee9d78c6 : 2 : ittapi_config_apply_per_lib :  ITTAPI function NOT instrumented (not matched by --itt-config option): __itt_sync_create

47534 : 0x4d7ee9da5ee : 2 : ittapi_config_apply_per_lib :  ITTAPI function NOT instrumented (not matched by --itt-config option): __itt_sync_rename

47534 : 0x4d7ee9dadb6 : 2 : ittapi_config_apply_per_lib :  ITTAPI function NOT instrumented (not matched by --itt-config option): __itt_sync_destroy

47534 : 0x4d7ee9db65c : 2 : ittapi_config_apply_per_lib :  ITTAPI function NOT instrumented (not matched by --itt-config option): __itt_sync_prepare

47534 : 0x4d7ee9dbd3e : 2 : ittapi_config_apply_per_lib :  ITTAPI function NOT instrumented (not matched by --itt-config option): __itt_sync_cancel

47534 : 0x4d7ee9dc362 : 2 : ittapi_config_apply_per_lib :  ITTAPI function NOT instrumented (not matched by --itt-config option): __itt_sync_acquired

47534 : 0x4d7ee9dcac8 : 2 : ittapi_config_apply_per_lib :  ITTAPI function NOT instrumented (not matched by --itt-config option): __itt_sync_releasing

47534 : 0x4d7ee9dd72c : 2 : ittapi_config_apply_per_lib :  ITTAPI function not implemented: __itt_suppress_push
47534 : 0x4d7ee9de590 : 2 : ittapi_config_apply_per_lib :  ITTAPI function not implemented: __itt_suppress_pop
47534 : 0x4d7ee9df046 : 2 : ittapi_config_apply_per_lib :  ITTAPI function not implemented: __itt_suppress_mark_range
47534 : 0x4d7ee9dfa0c : 2 : ittapi_config_apply_per_lib :  ITTAPI function not implemented: __itt_suppress_clear_range
47534 : 0x4d7ee9e5542 : 2 : ittapi_config_apply_per_lib :  ITTAPI function NOT instrumented (not matched by --itt-config option): __itt_sync_prepare

47534 : 0x4d7ee9e6a64 : 2 : ittapi_config_apply_per_lib :  ITTAPI function NOT instrumented (not matched by --itt-config option): __itt_sync_cancel

47534 : 0x4d7ee9e70fe : 2 : ittapi_config_apply_per_lib :  ITTAPI function NOT instrumented (not matched by --itt-config option): __itt_sync_acquired

47534 : 0x4d7ee9e7742 : 2 : ittapi_config_apply_per_lib :  ITTAPI function NOT instrumented (not matched by --itt-config option): __itt_sync_releasing

47534 : 0x4d7ee9e7db0 : 2 : ittapi_config_apply_per_lib :  ITTAPI function NOT instrumented (not matched by --itt-config option): __itt_model_site_begin

47534 : 0x4d7ee9e8414 : 2 : ittapi_config_apply_per_lib :  ITTAPI function NOT instrumented (not matched by --itt-config option): __itt_model_site_end

47534 : 0x4d7ee9e8adc : 2 : ittapi_config_apply_per_lib :  ITTAPI function NOT instrumented (not matched by --itt-config option): __itt_model_task_begin

47534 : 0x4d7ee9e90b6 : 2 : ittapi_config_apply_per_lib :  ITTAPI function NOT instrumented (not matched by --itt-config option): __itt_model_task_end

47534 : 0x4d7ee9e9684 : 2 : ittapi_config_apply_per_lib :  ITTAPI function NOT instrumented (not matched by --itt-config option): __itt_model_lock_acquire

47534 : 0x4d7ee9e9c58 : 2 : ittapi_config_apply_per_lib :  ITTAPI function NOT instrumented (not matched by --itt-config option): __itt_model_lock_release

47534 : 0x4d7ee9eccb0 : 2 : ittapi_config_apply_per_lib :  ITTAPI function NOT instrumented (not matched by --itt-config option): __itt_model_record_allocation

47534 : 0x4d7ee9ed5ec : 2 : ittapi_config_apply_per_lib :  ITTAPI function NOT instrumented (not matched by --itt-config option): __itt_model_record_deallocation

47534 : 0x4d7ee9edc88 : 2 : ittapi_config_apply_per_lib :  ITTAPI function NOT instrumented (not matched by --itt-config option): __itt_model_induction_uses

47534 : 0x4d7ee9ee286 : 2 : ittapi_config_apply_per_lib :  ITTAPI function NOT instrumented (not matched by --itt-config option): __itt_model_reduction_uses

47534 : 0x4d7ee9ee850 : 2 : ittapi_config_apply_per_lib :  ITTAPI function NOT instrumented (not matched by --itt-config option): __itt_model_observe_uses

47534 : 0x4d7ee9eee00 : 2 : ittapi_config_apply_per_lib :  ITTAPI function NOT instrumented (not matched by --itt-config option): __itt_model_clear_uses

47534 : 0x4d7ee9ef396 : 2 : ittapi_config_apply_per_lib :  ITTAPI function NOT instrumented (not matched by --itt-config option): __itt_model_site_beginA

47534 : 0x4d7ee9ef930 : 2 : ittapi_config_apply_per_lib :  ITTAPI function NOT instrumented (not matched by --itt-config option): __itt_model_site_beginAL

47534 : 0x4d7ee9efeb6 : 2 : ittapi_config_apply_per_lib :  ITTAPI function NOT instrumented (not matched by --itt-config option): __itt_model_task_beginA

47534 : 0x4d7ee9f0456 : 2 : ittapi_config_apply_per_lib :  ITTAPI function NOT instrumented (not matched by --itt-config option): __itt_model_task_beginAL

47534 : 0x4d7ee9f336a : 2 : ittapi_config_apply_per_lib :  ITTAPI function NOT instrumented (not matched by --itt-config option): __itt_model_iteration_taskA

47534 : 0x4d7ee9f3a28 : 2 : ittapi_config_apply_per_lib :  ITTAPI function NOT instrumented (not matched by --itt-config option): __itt_model_iteration_taskAL

47534 : 0x4d7ee9f40ac : 2 : ittapi_config_apply_per_lib :  ITTAPI function NOT instrumented (not matched by --itt-config option): __itt_model_site_end_2

47534 : 0x4d7ee9f46f0 : 2 : ittapi_config_apply_per_lib :  ITTAPI function NOT instrumented (not matched by --itt-config option): __itt_model_task_end_2

47534 : 0x4d7ee9f4cca : 2 : ittapi_config_apply_per_lib :  ITTAPI function NOT instrumented (not matched by --itt-config option): __itt_model_lock_acquire_2

47534 : 0x4d7ee9f5338 : 2 : ittapi_config_apply_per_lib :  ITTAPI function NOT instrumented (not matched by --itt-config option): __itt_model_lock_release_2

47534 : 0x4d7ee9f59fc : 2 : ittapi_config_apply_per_lib :  ITTAPI function NOT instrumented (not matched by --itt-config option): __itt_model_aggregate_task

47534 : 0x4d7ee9f6092 : 2 : ittapi_config_apply_per_lib :  ITTAPI function NOT instrumented (not matched by --itt-config option): __itt_model_disable_push

47534 : 0x4d7ee9f66ea : 2 : ittapi_config_apply_per_lib :  ITTAPI function NOT instrumented (not matched by --itt-config option): __itt_model_disable_pop

47534 : 0x4d7ee9f6ffa : 2 : ittapi_config_apply_per_lib :  ITTAPI function instrumented: __itt_heap_function_create
47534 : 0x4d7ee9fba3a : 2 : ittapi_config_apply_per_lib :  ITTAPI function instrumented: __itt_heap_allocate_begin
47534 : 0x4d7ee9fc4ce : 2 : ittapi_config_apply_per_lib :  ITTAPI function instrumented: __itt_heap_allocate_end
47534 : 0x4d7ee9fce30 : 2 : ittapi_config_apply_per_lib :  ITTAPI function instrumented: __itt_heap_free_begin
47534 : 0x4d7ee9fd6c8 : 2 : ittapi_config_apply_per_lib :  ITTAPI function instrumented: __itt_heap_free_end
47534 : 0x4d7ee9fdf34 : 2 : ittapi_config_apply_per_lib :  ITTAPI function instrumented: __itt_heap_reallocate_begin
47534 : 0x4d7ee9fe734 : 2 : ittapi_config_apply_per_lib :  ITTAPI function instrumented: __itt_heap_reallocate_end
47534 : 0x4d7ee9ff352 : 2 : ittapi_config_apply_per_lib :  ITTAPI function not implemented: __itt_heap_internal_access_begin
47534 : 0x4d7ee9ffe9c : 2 : ittapi_config_apply_per_lib :  ITTAPI function not implemented: __itt_heap_internal_access_end
47534 : 0x4d7eea00a48 : 2 : ittapi_config_apply_per_lib :  ITTAPI function not implemented: __itt_heap_record_memory_growth_begin
47534 : 0x4d7eea0156e : 2 : ittapi_config_apply_per_lib :  ITTAPI function not implemented: __itt_heap_record_memory_growth_end
47534 : 0x4d7eea04fae : 2 : ittapi_config_apply_per_lib :  ITTAPI function not implemented: __itt_heap_reset_detection
47534 : 0x4d7eea05b58 : 2 : ittapi_config_apply_per_lib :  ITTAPI function not implemented: __itt_heap_record
47534 : 0x4d7eea06646 : 2 : ittapi_config_apply_per_lib :  ITTAPI function not implemented: __itt_id_create
47534 : 0x4d7eea07116 : 2 : ittapi_config_apply_per_lib :  ITTAPI function not implemented: __itt_id_destroy
47534 : 0x4d7eea07abc : 2 : ittapi_config_apply_per_lib :  ITTAPI function instrumented: __itt_get_timestamp
47534 : 0x4d7eea0856e : 2 : ittapi_config_apply_per_lib :  ITTAPI function not implemented: __itt_region_begin
47534 : 0x4d7eea08fa2 : 2 : ittapi_config_apply_per_lib :  ITTAPI function not implemented: __itt_region_end
47534 : 0x4d7eea0999a : 2 : ittapi_config_apply_per_lib :  ITTAPI function instrumented: __itt_frame_begin_v3
47534 : 0x4d7eea0a3ec : 2 : ittapi_config_apply_per_lib :  ITTAPI function instrumented: __itt_frame_end_v3
47534 : 0x4d7eea0ad7a : 2 : ittapi_config_apply_per_lib :  ITTAPI function instrumented: __itt_frame_submit_v3
47534 : 0x4d7eea0e312 : 2 : ittapi_config_apply_per_lib :  ITTAPI function not implemented: __itt_task_group
47534 : 0x4d7eea0ecae : 2 : ittapi_config_apply_per_lib :  ITTAPI function instrumented: __itt_task_begin
47534 : 0x4d7eea0f5ce : 2 : ittapi_config_apply_per_lib :  ITTAPI function instrumented: __itt_task_begin_fn
47534 : 0x4d7eea0ff1a : 2 : ittapi_config_apply_per_lib :  ITTAPI function instrumented: __itt_task_end
47534 : 0x4d7eea108be : 2 : ittapi_config_apply_per_lib :  ITTAPI function not implemented: __itt_counter_inc_v3
47534 : 0x4d7eea11270 : 2 : ittapi_config_apply_per_lib :  ITTAPI function not implemented: __itt_counter_inc_delta_v3
47534 : 0x4d7eea11bcc : 2 : ittapi_config_apply_per_lib :  ITTAPI function not implemented: __itt_counter_dec_v3
47534 : 0x4d7eea1249a : 2 : ittapi_config_apply_per_lib :  ITTAPI function not implemented: __itt_counter_dec_delta_v3
47534 : 0x4d7eea12e6c : 2 : ittapi_config_apply_per_lib :  ITTAPI function not implemented: __itt_marker
47534 : 0x4d7eea136f0 : 2 : ittapi_config_apply_per_lib :  ITTAPI function instrumented: __itt_metadata_add
47534 : 0x4d7eea188e2 : 2 : ittapi_config_apply_per_lib :  ITTAPI function not implemented: __itt_metadata_str_add
47534 : 0x4d7eea192cc : 2 : ittapi_config_apply_per_lib :  ITTAPI function not implemented: __itt_relation_add_to_current
47534 : 0x4d7eea19c68 : 2 : ittapi_config_apply_per_lib :  ITTAPI function not implemented: __itt_relation_add
47534 : 0x4d7eea1a606 : 2 : ittapi_config_apply_per_lib :  ITTAPI function instrumented: __itt_event_create
47534 : 0x4d7eea1af4a : 2 : ittapi_config_apply_per_lib :  ITTAPI function instrumented: __itt_event_start
47534 : 0x4d7eea1b7b2 : 2 : ittapi_config_apply_per_lib :  ITTAPI function instrumented: __itt_event_end
47534 : 0x4d7eea1be2e : 2 : ittapi_config_apply_per_lib :  ITTAPI function NOT instrumented (not matched by --itt-config option): __itt_sync_set_name

47534 : 0x4d7eea1c562 : 2 : ittapi_config_apply_per_lib :  ITTAPI function NOT instrumented (not matched by --itt-config option): __itt_notify_sync_name

47534 : 0x4d7eea1cbf2 : 2 : ittapi_config_apply_per_lib :  ITTAPI function NOT instrumented (not matched by --itt-config option): __itt_notify_sync_prepare

47534 : 0x4d7eea1d1fc : 2 : ittapi_config_apply_per_lib :  ITTAPI function NOT instrumented (not matched by --itt-config option): __itt_notify_sync_cancel

47534 : 0x4d7eea206a6 : 2 : ittapi_config_apply_per_lib :  ITTAPI function NOT instrumented (not matched by --itt-config option): __itt_notify_sync_acquired

47534 : 0x4d7eea20d56 : 2 : ittapi_config_apply_per_lib :  ITTAPI function NOT instrumented (not matched by --itt-config option): __itt_notify_sync_releasing

47534 : 0x4d7eea2183c : 2 : ittapi_config_apply_per_lib :  ITTAPI function not implemented: __itt_memory_read
47534 : 0x4d7eea22290 : 2 : ittapi_config_apply_per_lib :  ITTAPI function not implemented: __itt_memory_write
47534 : 0x4d7eea22ce6 : 2 : ittapi_config_apply_per_lib :  ITTAPI function not implemented: __itt_memory_update
47534 : 0x4d7eea2362e : 2 : ittapi_config_apply_per_lib :  ITTAPI function not implemented: __itt_state_get
47534 : 0x4d7eea23f42 : 2 : ittapi_config_apply_per_lib :  ITTAPI function not implemented: __itt_state_set
47534 : 0x4d7eea24842 : 2 : ittapi_config_apply_per_lib :  ITTAPI function not implemented: __itt_obj_mode_set
47534 : 0x4d7eea25154 : 2 : ittapi_config_apply_per_lib :  ITTAPI function not implemented: __itt_thr_mode_set
47534 : 0x4d7eea25a10 : 2 : ittapi_config_apply_per_lib :  ITTAPI function instrumented: __itt_frame_create
47534 : 0x4d7eea28d3c : 2 : ittapi_config_apply_per_lib :  ITTAPI function instrumented: __itt_pt_region_create
47534 : 0x4d7eea297b0 : 2 : ittapi_config_apply_per_lib :  ITTAPI function instrumented: __itt_frame_begin
47534 : 0x4d7eea2a0d4 : 2 : ittapi_config_apply_per_lib :  ITTAPI function instrumented: __itt_frame_end
47534 : 0x4d7eea2ab0a : 2 : ittapi_config_apply_per_lib :  ITTAPI function not implemented: __itt_counter_destroy
47534 : 0x4d7eea2b4b2 : 2 : ittapi_config_apply_per_lib :  ITTAPI function instrumented: __itt_counter_inc
47534 : 0x4d7eea2bec0 : 2 : ittapi_config_apply_per_lib :  ITTAPI function instrumented: __itt_counter_inc_delta
47534 : 0x4d7eea2c82a : 2 : ittapi_config_apply_per_lib :  ITTAPI function instrumented: __itt_counter_dec
47534 : 0x4d7eea2d0cc : 2 : ittapi_config_apply_per_lib :  ITTAPI function instrumented: __itt_counter_dec_delta
47534 : 0x4d7eea2d8f2 : 2 : ittapi_config_apply_per_lib :  ITTAPI function instrumented: __itt_counter_set_value
47534 : 0x4d7eea2e1c2 : 2 : ittapi_config_apply_per_lib :  ITTAPI function not implemented: __itt_counter_set_value_ex
47534 : 0x4d7eea326d6 : 2 : ittapi_config_apply_per_lib :  ITTAPI function not implemented: __itt_mark_create
47534 : 0x4d7eea3326c : 2 : ittapi_config_apply_per_lib :  ITTAPI function not implemented: __itt_mark
47534 : 0x4d7eea33dfc : 2 : ittapi_config_apply_per_lib :  ITTAPI function not implemented: __itt_mark_off
47534 : 0x4d7eea34844 : 2 : ittapi_config_apply_per_lib :  ITTAPI function not implemented: __itt_mark_global
47534 : 0x4d7eea351a0 : 2 : ittapi_config_apply_per_lib :  ITTAPI function not implemented: __itt_mark_global_off
47534 : 0x4d7eea359de : 2 : ittapi_config_apply_per_lib :  ITTAPI function NOT instrumented (not matched by --itt-config option): __itt_stack_caller_create

47534 : 0x4d7eea3616c : 2 : ittapi_config_apply_per_lib :  ITTAPI function NOT instrumented (not matched by --itt-config option): __itt_stack_caller_destroy

47534 : 0x4d7eea368c4 : 2 : ittapi_config_apply_per_lib :  ITTAPI function NOT instrumented (not matched by --itt-config option): __itt_stack_callee_enter

47534 : 0x4d7eea37090 : 2 : ittapi_config_apply_per_lib :  ITTAPI function NOT instrumented (not matched by --itt-config option): __itt_stack_callee_leave

47534 : 0x4d7eea37b1e : 2 : ittapi_config_apply_per_lib :  ITTAPI function not implemented: __itt_clock_domain_create
47534 : 0x4d7eea3b474 : 2 : ittapi_config_apply_per_lib :  ITTAPI function not implemented: __itt_clock_domain_reset
47534 : 0x4d7eea3be22 : 2 : ittapi_config_apply_per_lib :  ITTAPI function not implemented: __itt_id_create_ex
47534 : 0x4d7eea3c7a6 : 2 : ittapi_config_apply_per_lib :  ITTAPI function not implemented: __itt_id_destroy_ex
47534 : 0x4d7eea3d10a : 2 : ittapi_config_apply_per_lib :  ITTAPI function not implemented: __itt_task_begin_ex
47534 : 0x4d7eea3d9a6 : 2 : ittapi_config_apply_per_lib :  ITTAPI function not implemented: __itt_task_begin_fn_ex
47534 : 0x4d7eea3e2ea : 2 : ittapi_config_apply_per_lib :  ITTAPI function not implemented: __itt_task_end_ex
47534 : 0x4d7eea3ec88 : 2 : ittapi_config_apply_per_lib :  ITTAPI function instrumented: __itt_task_begin_overlapped
47534 : 0x4d7eea3f742 : 2 : ittapi_config_apply_per_lib :  ITTAPI function not implemented: __itt_task_begin_overlapped_ex
47534 : 0x4d7eea4002c : 2 : ittapi_config_apply_per_lib :  ITTAPI function instrumented: __itt_task_end_overlapped
47534 : 0x4d7eea40968 : 2 : ittapi_config_apply_per_lib :  ITTAPI function not implemented: __itt_task_end_overlapped_ex
47534 : 0x4d7eea432e0 : 2 : ittapi_config_apply_per_lib :  ITTAPI function not implemented: __itt_marker_ex
47534 : 0x4d7eea43e70 : 2 : ittapi_config_apply_per_lib :  ITTAPI function not implemented: __itt_metadata_add_with_scope
47534 : 0x4d7eea4488e : 2 : ittapi_config_apply_per_lib :  ITTAPI function not implemented: __itt_metadata_str_add_with_scope
47534 : 0x4d7eea45f54 : 2 : ittapi_config_apply_per_lib :  ITTAPI function not implemented: __itt_relation_add_to_current_ex
47534 : 0x4d7eea467b6 : 2 : ittapi_config_apply_per_lib :  ITTAPI function not implemented: __itt_relation_add_ex
47534 : 0x4d7eea470c4 : 2 : ittapi_config_apply_per_lib :  ITTAPI function not implemented: __itt_track_group_create
47534 : 0x4d7eea47912 : 2 : ittapi_config_apply_per_lib :  ITTAPI function not implemented: __itt_track_create
47534 : 0x4d7eea48168 : 2 : ittapi_config_apply_per_lib :  ITTAPI function not implemented: __itt_set_track
47534 : 0x4d7eea48aaa : 2 : ittapi_config_apply_per_lib :  ITTAPI function instrumented: __itt_api_version
47534 : 0x4d7eea493e2 : 2 : ittapi_config_apply_per_lib :  ITTAPI function not implemented: __itt_av_save
47534 : 0x4d7eea4b9b2 : 2 : ittapi_config_apply_per_lib :  ITTAPI function instrumented: __itt_module_load
47534 : 0x4d7ef2694c8 : 2 : ittapi_config_mask_get :  --itt-config mask to be applied: 39
47534 : 0x4d7ef26c7f8 : 2 : ittapi_config_apply_per_lib :  ITTAPI function instrumented: __itt_domain_create
47534 : 0x4d7ef26d7be : 2 : ittapi_config_apply_per_lib :  ITTAPI function instrumented: __itt_string_handle_create
47534 : 0x4d7ef26e178 : 2 : ittapi_config_apply_per_lib :  ITTAPI function instrumented: __itt_counter_create
47534 : 0x4d7ef26e9e6 : 2 : ittapi_config_apply_per_lib :  ITTAPI function instrumented: __itt_counter_create_typed
47534 : 0x4d7ef26f326 : 2 : ittapi_config_apply_per_lib :  ITTAPI function instrumented: __itt_pause
47534 : 0x4d7ef26fc0a : 2 : ittapi_config_apply_per_lib :  ITTAPI function instrumented: __itt_resume
47534 : 0x4d7ef270402 : 2 : ittapi_config_apply_per_lib :  ITTAPI function instrumented: __itt_thread_set_name
47534 : 0x4d7ef270c84 : 2 : ittapi_config_apply_per_lib :  ITTAPI function instrumented: __itt_thread_ignore
47534 : 0x4d7ef27d06e : 2 : ittapi_config_apply_per_lib :  ITTAPI function instrumented: __itt_thr_name_set
47534 : 0x4d7ef27db62 : 2 : ittapi_config_apply_per_lib :  ITTAPI function instrumented: __itt_thr_ignore
47534 : 0x4d7ef27f0ba : 2 : ittapi_config_apply_per_lib :  ITTAPI function not implemented: __itt_enable_attach
47534 : 0x4d7ef27fc46 : 2 : ittapi_config_apply_per_lib :  ITTAPI function instrumented: __itt_detach
47534 : 0x4d7ef2803ca : 2 : ittapi_config_apply_per_lib :  ITTAPI function NOT instrumented (not matched by --itt-config option): __itt_sync_create

47534 : 0x4d7ef280c3c : 2 : ittapi_config_apply_per_lib :  ITTAPI function NOT instrumented (not matched by --itt-config option): __itt_sync_rename

47534 : 0x4d7ef2812a0 : 2 : ittapi_config_apply_per_lib :  ITTAPI function NOT instrumented (not matched by --itt-config option): __itt_sync_destroy

47534 : 0x4d7ef2819bc : 2 : ittapi_config_apply_per_lib :  ITTAPI function NOT instrumented (not matched by --itt-config option): __itt_sync_prepare

47534 : 0x4d7ef28205c : 2 : ittapi_config_apply_per_lib :  ITTAPI function NOT instrumented (not matched by --itt-config option): __itt_sync_cancel

47534 : 0x4d7ef282660 : 2 : ittapi_config_apply_per_lib :  ITTAPI function NOT instrumented (not matched by --itt-config option): __itt_sync_acquired

47534 : 0x4d7ef285264 : 2 : ittapi_config_apply_per_lib :  ITTAPI function NOT instrumented (not matched by --itt-config option): __itt_sync_releasing

47534 : 0x4d7ef285e42 : 2 : ittapi_config_apply_per_lib :  ITTAPI function not implemented: __itt_suppress_push
47534 : 0x4d7ef286c84 : 2 : ittapi_config_apply_per_lib :  ITTAPI function not implemented: __itt_suppress_pop
47534 : 0x4d7ef28770c : 2 : ittapi_config_apply_per_lib :  ITTAPI function not implemented: __itt_suppress_mark_range
47534 : 0x4d7ef2882e8 : 2 : ittapi_config_apply_per_lib :  ITTAPI function not implemented: __itt_suppress_clear_range
47534 : 0x4d7ef288948 : 2 : ittapi_config_apply_per_lib :  ITTAPI function NOT instrumented (not matched by --itt-config option): __itt_sync_prepare

47534 : 0x4d7ef289018 : 2 : ittapi_config_apply_per_lib :  ITTAPI function NOT instrumented (not matched by --itt-config option): __itt_sync_cancel

47534 : 0x4d7ef2895fe : 2 : ittapi_config_apply_per_lib :  ITTAPI function NOT instrumented (not matched by --itt-config option): __itt_sync_acquired

47534 : 0x4d7ef289c14 : 2 : ittapi_config_apply_per_lib :  ITTAPI function NOT instrumented (not matched by --itt-config option): __itt_sync_releasing

47534 : 0x4d7ef28a268 : 2 : ittapi_config_apply_per_lib :  ITTAPI function NOT instrumented (not matched by --itt-config option): __itt_model_site_begin

47534 : 0x4d7ef28c956 : 2 : ittapi_config_apply_per_lib :  ITTAPI function NOT instrumented (not matched by --itt-config option): __itt_model_site_end

47534 : 0x4d7ef28d068 : 2 : ittapi_config_apply_per_lib :  ITTAPI function NOT instrumented (not matched by --itt-config option): __itt_model_task_begin

47534 : 0x4d7ef28d802 : 2 : ittapi_config_apply_per_lib :  ITTAPI function NOT instrumented (not matched by --itt-config option): __itt_model_task_end

47534 : 0x4d7ef28dece : 2 : ittapi_config_apply_per_lib :  ITTAPI function NOT instrumented (not matched by --itt-config option): __itt_model_lock_acquire

47534 : 0x4d7ef28e68e : 2 : ittapi_config_apply_per_lib :  ITTAPI function NOT instrumented (not matched by --itt-config option): __itt_model_lock_release

47534 : 0x4d7ef28ecc6 : 2 : ittapi_config_apply_per_lib :  ITTAPI function NOT instrumented (not matched by --itt-config option): __itt_model_record_allocation

47534 : 0x4d7ef28f266 : 2 : ittapi_config_apply_per_lib :  ITTAPI function NOT instrumented (not matched by --itt-config option): __itt_model_record_deallocation

47534 : 0x4d7ef28f912 : 2 : ittapi_config_apply_per_lib :  ITTAPI function NOT instrumented (not matched by --itt-config option): __itt_model_induction_uses

47534 : 0x4d7ef28fe82 : 2 : ittapi_config_apply_per_lib :  ITTAPI function NOT instrumented (not matched by --itt-config option): __itt_model_reduction_uses

47534 : 0x4d7ef2903e2 : 2 : ittapi_config_apply_per_lib :  ITTAPI function NOT instrumented (not matched by --itt-config option): __itt_model_observe_uses

47534 : 0x4d7ef2935f4 : 2 : ittapi_config_apply_per_lib :  ITTAPI function NOT instrumented (not matched by --itt-config option): __itt_model_clear_uses

47534 : 0x4d7ef293c98 : 2 : ittapi_config_apply_per_lib :  ITTAPI function NOT instrumented (not matched by --itt-config option): __itt_model_site_beginA

47534 : 0x4d7ef294294 : 2 : ittapi_config_apply_per_lib :  ITTAPI function NOT instrumented (not matched by --itt-config option): __itt_model_site_beginAL

47534 : 0x4d7ef294846 : 2 : ittapi_config_apply_per_lib :  ITTAPI function NOT instrumented (not matched by --itt-config option): __itt_model_task_beginA

47534 : 0x4d7ef294dec : 2 : ittapi_config_apply_per_lib :  ITTAPI function NOT instrumented (not matched by --itt-config option): __itt_model_task_beginAL

47534 : 0x4d7ef295370 : 2 : ittapi_config_apply_per_lib :  ITTAPI function NOT instrumented (not matched by --itt-config option): __itt_model_iteration_taskA

47534 : 0x4d7ef2958ec : 2 : ittapi_config_apply_per_lib :  ITTAPI function NOT instrumented (not matched by --itt-config option): __itt_model_iteration_taskAL

47534 : 0x4d7ef295e62 : 2 : ittapi_config_apply_per_lib :  ITTAPI function NOT instrumented (not matched by --itt-config option): __itt_model_site_end_2

47534 : 0x4d7ef2963d8 : 2 : ittapi_config_apply_per_lib :  ITTAPI function NOT instrumented (not matched by --itt-config option): __itt_model_task_end_2

47534 : 0x4d7ef29695c : 2 : ittapi_config_apply_per_lib :  ITTAPI function NOT instrumented (not matched by --itt-config option): __itt_model_lock_acquire_2

47534 : 0x4d7ef298b5a : 2 : ittapi_config_apply_per_lib :  ITTAPI function NOT instrumented (not matched by --itt-config option): __itt_model_lock_release_2

47534 : 0x4d7ef2991a6 : 2 : ittapi_config_apply_per_lib :  ITTAPI function NOT instrumented (not matched by --itt-config option): __itt_model_aggregate_task

47534 : 0x4d7ef299782 : 2 : ittapi_config_apply_per_lib :  ITTAPI function NOT instrumented (not matched by --itt-config option): __itt_model_disable_push

47534 : 0x4d7ef299d3a : 2 : ittapi_config_apply_per_lib :  ITTAPI function NOT instrumented (not matched by --itt-config option): __itt_model_disable_pop

47534 : 0x4d7ef29a696 : 2 : ittapi_config_apply_per_lib :  ITTAPI function instrumented: __itt_heap_function_create
47534 : 0x4d7ef29b03e : 2 : ittapi_config_apply_per_lib :  ITTAPI function instrumented: __itt_heap_allocate_begin
47534 : 0x4d7ef29b900 : 2 : ittapi_config_apply_per_lib :  ITTAPI function instrumented: __itt_heap_allocate_end
47534 : 0x4d7ef29c0fe : 2 : ittapi_config_apply_per_lib :  ITTAPI function instrumented: __itt_heap_free_begin
47534 : 0x4d7ef29c952 : 2 : ittapi_config_apply_per_lib :  ITTAPI function instrumented: __itt_heap_free_end
47534 : 0x4d7ef29d246 : 2 : ittapi_config_apply_per_lib :  ITTAPI function instrumented: __itt_heap_reallocate_begin
47534 : 0x4d7ef29f81c : 2 : ittapi_config_apply_per_lib :  ITTAPI function instrumented: __itt_heap_reallocate_end
47534 : 0x4d7ef2a05c4 : 2 : ittapi_config_apply_per_lib :  ITTAPI function not implemented: __itt_heap_internal_access_begin
47534 : 0x4d7ef2a1116 : 2 : ittapi_config_apply_per_lib :  ITTAPI function not implemented: __itt_heap_internal_access_end
47534 : 0x4d7ef2a1b46 : 2 : ittapi_config_apply_per_lib :  ITTAPI function not implemented: __itt_heap_record_memory_growth_begin
47534 : 0x4d7ef2a2560 : 2 : ittapi_config_apply_per_lib :  ITTAPI function not implemented: __itt_heap_record_memory_growth_end
47534 : 0x4d7ef2a2f90 : 2 : ittapi_config_apply_per_lib :  ITTAPI function not implemented: __itt_heap_reset_detection
47534 : 0x4d7ef2a3a2c : 2 : ittapi_config_apply_per_lib :  ITTAPI function not implemented: __itt_heap_record
47534 : 0x4d7ef2a44ce : 2 : ittapi_config_apply_per_lib :  ITTAPI function not implemented: __itt_id_create
47534 : 0x4d7ef2a4f36 : 2 : ittapi_config_apply_per_lib :  ITTAPI function not implemented: __itt_id_destroy
47534 : 0x4d7ef2a594e : 2 : ittapi_config_apply_per_lib :  ITTAPI function instrumented: __itt_get_timestamp
47534 : 0x4d7ef2a93b6 : 2 : ittapi_config_apply_per_lib :  ITTAPI function not implemented: __itt_region_begin
47534 : 0x4d7ef2a9ed0 : 2 : ittapi_config_apply_per_lib :  ITTAPI function not implemented: __itt_region_end
47534 : 0x4d7ef2aa7ce : 2 : ittapi_config_apply_per_lib :  ITTAPI function instrumented: __itt_frame_begin_v3
47534 : 0x4d7ef2ab1ac : 2 : ittapi_config_apply_per_lib :  ITTAPI function instrumented: __itt_frame_end_v3
47534 : 0x4d7ef2ab9be : 2 : ittapi_config_apply_per_lib :  ITTAPI function instrumented: __itt_frame_submit_v3
47534 : 0x4d7ef2ac3ce : 2 : ittapi_config_apply_per_lib :  ITTAPI function not implemented: __itt_task_group
47534 : 0x4d7ef2acdf0 : 2 : ittapi_config_apply_per_lib :  ITTAPI function instrumented: __itt_task_begin
47534 : 0x4d7ef2ad76a : 2 : ittapi_config_apply_per_lib :  ITTAPI function instrumented: __itt_task_begin_fn
47534 : 0x4d7ef2ae01c : 2 : ittapi_config_apply_per_lib :  ITTAPI function instrumented: __itt_task_end
47534 : 0x4d7ef2ae9c8 : 2 : ittapi_config_apply_per_lib :  ITTAPI function not implemented: __itt_counter_inc_v3
47534 : 0x4d7ef2b115a : 2 : ittapi_config_apply_per_lib :  ITTAPI function not implemented: __itt_counter_inc_delta_v3
47534 : 0x4d7ef2b1b5e : 2 : ittapi_config_apply_per_lib :  ITTAPI function not implemented: __itt_counter_dec_v3
47534 : 0x4d7ef2b25c0 : 2 : ittapi_config_apply_per_lib :  ITTAPI function not implemented: __itt_counter_dec_delta_v3
47534 : 0x4d7ef2b317c : 2 : ittapi_config_apply_per_lib :  ITTAPI function not implemented: __itt_marker
47534 : 0x4d7ef2b3ac8 : 2 : ittapi_config_apply_per_lib :  ITTAPI function instrumented: __itt_metadata_add
47534 : 0x4d7ef2b4524 : 2 : ittapi_config_apply_per_lib :  ITTAPI function not implemented: __itt_metadata_str_add
47534 : 0x4d7ef2b4e30 : 2 : ittapi_config_apply_per_lib :  ITTAPI function not implemented: __itt_relation_add_to_current
47534 : 0x4d7ef2b5778 : 2 : ittapi_config_apply_per_lib :  ITTAPI function not implemented: __itt_relation_add
47534 : 0x4d7ef2b5f8e : 2 : ittapi_config_apply_per_lib :  ITTAPI function instrumented: __itt_event_create
47534 : 0x4d7ef2b684e : 2 : ittapi_config_apply_per_lib :  ITTAPI function instrumented: __itt_event_start
47534 : 0x4d7ef2b8cac : 2 : ittapi_config_apply_per_lib :  ITTAPI function instrumented: __itt_event_end
47534 : 0x4d7ef2b940e : 2 : ittapi_config_apply_per_lib :  ITTAPI function NOT instrumented (not matched by --itt-config option): __itt_sync_set_name

47534 : 0x4d7ef2b9ac8 : 2 : ittapi_config_apply_per_lib :  ITTAPI function NOT instrumented (not matched by --itt-config option): __itt_notify_sync_name

47534 : 0x4d7ef2ba07c : 2 : ittapi_config_apply_per_lib :  ITTAPI function NOT instrumented (not matched by --itt-config option): __itt_notify_sync_prepare

47534 : 0x4d7ef2ba60e : 2 : ittapi_config_apply_per_lib :  ITTAPI function NOT instrumented (not matched by --itt-config option): __itt_notify_sync_cancel

47534 : 0x4d7ef2baba0 : 2 : ittapi_config_apply_per_lib :  ITTAPI function NOT instrumented (not matched by --itt-config option): __itt_notify_sync_acquired

47534 : 0x4d7ef2bb0fc : 2 : ittapi_config_apply_per_lib :  ITTAPI function NOT instrumented (not matched by --itt-config option): __itt_notify_sync_releasing

47534 : 0x4d7ef2bba98 : 2 : ittapi_config_apply_per_lib :  ITTAPI function not implemented: __itt_memory_read
47534 : 0x4d7ef2bc490 : 2 : ittapi_config_apply_per_lib :  ITTAPI function not implemented: __itt_memory_write
47534 : 0x4d7ef2bce1e : 2 : ittapi_config_apply_per_lib :  ITTAPI function not implemented: __itt_memory_update
47534 : 0x4d7ef2c0a36 : 2 : ittapi_config_apply_per_lib :  ITTAPI function not implemented: __itt_state_get
47534 : 0x4d7ef2c1390 : 2 : ittapi_config_apply_per_lib :  ITTAPI function not implemented: __itt_state_set
47534 : 0x4d7ef2c1c6c : 2 : ittapi_config_apply_per_lib :  ITTAPI function not implemented: __itt_obj_mode_set
47534 : 0x4d7ef2c253e : 2 : ittapi_config_apply_per_lib :  ITTAPI function not implemented: __itt_thr_mode_set
47534 : 0x4d7ef2c2d40 : 2 : ittapi_config_apply_per_lib :  ITTAPI function instrumented: __itt_frame_create
47534 : 0x4d7ef2c35d0 : 2 : ittapi_config_apply_per_lib :  ITTAPI function instrumented: __itt_pt_region_create
47534 : 0x4d7ef2c3ec0 : 2 : ittapi_config_apply_per_lib :  ITTAPI function instrumented: __itt_frame_begin
47534 : 0x4d7ef2c471e : 2 : ittapi_config_apply_per_lib :  ITTAPI function instrumented: __itt_frame_end
47534 : 0x4d7ef2c507c : 2 : ittapi_config_apply_per_lib :  ITTAPI function not implemented: __itt_counter_destroy
47534 : 0x4d7ef2c59dc : 2 : ittapi_config_apply_per_lib :  ITTAPI function instrumented: __itt_counter_inc
47534 : 0x4d7ef2c8602 : 2 : ittapi_config_apply_per_lib :  ITTAPI function instrumented: __itt_counter_inc_delta
47534 : 0x4d7ef2c8e8c : 2 : ittapi_config_apply_per_lib :  ITTAPI function instrumented: __itt_counter_dec
47534 : 0x4d7ef2c977c : 2 : ittapi_config_apply_per_lib :  ITTAPI function instrumented: __itt_counter_dec_delta
47534 : 0x4d7ef2ca012 : 2 : ittapi_config_apply_per_lib :  ITTAPI function instrumented: __itt_counter_set_value
47534 : 0x4d7ef2caa6c : 2 : ittapi_config_apply_per_lib :  ITTAPI function not implemented: __itt_counter_set_value_ex
47534 : 0x4d7ef2cb3ce : 2 : ittapi_config_apply_per_lib :  ITTAPI function not implemented: __itt_mark_create
47534 : 0x4d7ef2cbe32 : 2 : ittapi_config_apply_per_lib :  ITTAPI function not implemented: __itt_mark
47534 : 0x4d7ef2cc816 : 2 : ittapi_config_apply_per_lib :  ITTAPI function not implemented: __itt_mark_off
47534 : 0x4d7ef2cd284 : 2 : ittapi_config_apply_per_lib :  ITTAPI function not implemented: __itt_mark_global
47534 : 0x4d7ef2cdbe4 : 2 : ittapi_config_apply_per_lib :  ITTAPI function not implemented: __itt_mark_global_off
47534 : 0x4d7ef2d0134 : 2 : ittapi_config_apply_per_lib :  ITTAPI function NOT instrumented (not matched by --itt-config option): __itt_stack_caller_create

47534 : 0x4d7ef2d087c : 2 : ittapi_config_apply_per_lib :  ITTAPI function NOT instrumented (not matched by --itt-config option): __itt_stack_caller_destroy

47534 : 0x4d7ef2d0e8c : 2 : ittapi_config_apply_per_lib :  ITTAPI function NOT instrumented (not matched by --itt-config option): __itt_stack_callee_enter

47534 : 0x4d7ef2d14fc : 2 : ittapi_config_apply_per_lib :  ITTAPI function NOT instrumented (not matched by --itt-config option): __itt_stack_callee_leave

47534 : 0x4d7ef2d1e78 : 2 : ittapi_config_apply_per_lib :  ITTAPI function not implemented: __itt_clock_domain_create
47534 : 0x4d7ef2d29ee : 2 : ittapi_config_apply_per_lib :  ITTAPI function not implemented: __itt_clock_domain_reset
47534 : 0x4d7ef2d338c : 2 : ittapi_config_apply_per_lib :  ITTAPI function not implemented: __itt_id_create_ex
47534 : 0x4d7ef2d3d9c : 2 : ittapi_config_apply_per_lib :  ITTAPI function not implemented: __itt_id_destroy_ex
47534 : 0x4d7ef2d4734 : 2 : ittapi_config_apply_per_lib :  ITTAPI function not implemented: __itt_task_begin_ex
47534 : 0x4d7ef2d506e : 2 : ittapi_config_apply_per_lib :  ITTAPI function not implemented: __itt_task_begin_fn_ex
47534 : 0x4d7ef2d789c : 2 : ittapi_config_apply_per_lib :  ITTAPI function not implemented: __itt_task_end_ex
47534 : 0x4d7ef2d842e : 2 : ittapi_config_apply_per_lib :  ITTAPI function instrumented: __itt_task_begin_overlapped
47534 : 0x4d7ef2d8f8a : 2 : ittapi_config_apply_per_lib :  ITTAPI function not implemented: __itt_task_begin_overlapped_ex
47534 : 0x4d7ef2d9964 : 2 : ittapi_config_apply_per_lib :  ITTAPI function instrumented: __itt_task_end_overlapped
47534 : 0x4d7ef2da2d8 : 2 : ittapi_config_apply_per_lib :  ITTAPI function not implemented: __itt_task_end_overlapped_ex
47534 : 0x4d7ef2dac28 : 2 : ittapi_config_apply_per_lib :  ITTAPI function not implemented: __itt_marker_ex
47534 : 0x4d7ef2db5d6 : 2 : ittapi_config_apply_per_lib :  ITTAPI function not implemented: __itt_metadata_add_with_scope
47534 : 0x4d7ef2dc02a : 2 : ittapi_config_apply_per_lib :  ITTAPI function not implemented: __itt_metadata_str_add_with_scope
47534 : 0x4d7ef2dca84 : 2 : ittapi_config_apply_per_lib :  ITTAPI function not implemented: __itt_relation_add_to_current_ex
47534 : 0x4d7ef2dd31c : 2 : ittapi_config_apply_per_lib :  ITTAPI function not implemented: __itt_relation_add_ex
47534 : 0x4d7ef2e0ed8 : 2 : ittapi_config_apply_per_lib :  ITTAPI function not implemented: __itt_track_group_create
47534 : 0x4d7ef2e1804 : 2 : ittapi_config_apply_per_lib :  ITTAPI function not implemented: __itt_track_create
47534 : 0x4d7ef2e212a : 2 : ittapi_config_apply_per_lib :  ITTAPI function not implemented: __itt_set_track
47534 : 0x4d7ef2e29a0 : 2 : ittapi_config_apply_per_lib :  ITTAPI function instrumented: __itt_api_version
47534 : 0x4d7ef2e32bc : 2 : ittapi_config_apply_per_lib :  ITTAPI function not implemented: __itt_av_save
47534 : 0x4d7ef2e3b62 : 2 : ittapi_config_apply_per_lib :  ITTAPI function instrumented: __itt_module_load