
20366 : 0x45134acd498 : 1 : spill_jit_data :  Jit agent is not initialized
20346 : 0x45134ad2da4 : 2 : ittapi_config_mask_get :  --itt-config mask to be applied: 39
20346 : 0x45134ad815a : 2 : ittapi_config_apply_per_lib :  ITTAPI function instrumented: __itt_domain_create
20346 : 0x45134ad91a8 : 2 : ittapi_config_apply_per_lib :  ITTAPI function instrumented: __itt_string_handle_create
20346 : 0x45134ad9b38 : 2 : ittapi_config_apply_per_lib :  ITTAPI function instrumented: __itt_counter_create
20346 : 0x45134ada614 : 2 : ittapi_config_apply_per_lib :  ITTAPI function instrumented: __itt_counter_create_typed
20346 : 0x45134adb03a : 2 : ittapi_config_apply_per_lib :  ITTAPI function instrumented: __itt_pause
20346 : 0x45134adba88 : 2 : ittapi_config_apply_per_lib :  ITTAPI function instrumented: __itt_resume
20346 : 0x45134adc200 : 2 : ittapi_config_apply_per_lib :  ITTAPI function instrumented: __itt_thread_set_name
20346 : 0x45134adc92a : 2 : ittapi_config_apply_per_lib :  ITTAPI function instrumented: __itt_thread_ignore
20346 : 0x45134aeb36e : 2 : ittapi_config_apply_per_lib :  ITTAPI function instrumented: __itt_thr_name_set
20346 : 0x45134aebf8c : 2 : ittapi_config_apply_per_lib :  ITTAPI function instrumented: __itt_thr_ignore
20346 : 0x45134aed34e : 2 : ittapi_config_apply_per_lib :  ITTAPI function not implemented: __itt_enable_attach
20346 : 0x45134aedff8 : 2 : ittapi_config_apply_per_lib :  ITTAPI function instrumented: __itt_detach
20346 : 0x45134aee750 : 2 : ittapi_config_apply_per_lib :  ITTAPI function NOT instrumented (not matched by --itt-config option): __itt_sync_create

20346 : 0x45134aef000 : 2 : ittapi_config_apply_per_lib :  ITTAPI function NOT instrumented (not matched by --itt-config option): __itt_sync_rename

20346 : 0x45134aef64e : 2 : ittapi_config_apply_per_lib :  ITTAPI function NOT instrumented (not matched by --itt-config option): __itt_sync_destroy

20346 : 0x45134aefccc : 2 : ittapi_config_apply_per_lib :  ITTAPI function NOT instrumented (not matched by --itt-config option): __itt_sync_prepare

20346 : 0x45134af0280 : 2 : ittapi_config_apply_per_lib :  ITTAPI function NOT instrumented (not matched by --itt-config option): __itt_sync_cancel

20346 : 0x45134af090c : 2 : ittapi_config_apply_per_lib :  ITTAPI function NOT instrumented (not matched by --itt-config option): __itt_sync_acquired

20346 : 0x45134b1fe54 : 2 : ittapi_config_apply_per_lib :  ITTAPI function NOT instrumented (not matched by --itt-config option): __itt_sync_releasing

20346 : 0x45134b211d8 : 2 : ittapi_config_apply_per_lib :  ITTAPI function not implemented: __itt_suppress_push
20346 : 0x45134b220e2 : 2 : ittapi_config_apply_per_lib :  ITTAPI function not implemented: __itt_suppress_pop
20346 : 0x45134b22abc : 2 : ittapi_config_apply_per_lib :  ITTAPI function not implemented: __itt_suppress_mark_range
20346 : 0x45134b2356e : 2 : ittapi_config_apply_per_lib :  ITTAPI function not implemented: __itt_suppress_clear_range
20346 : 0x45134b23c04 : 2 : ittapi_config_apply_per_lib :  ITTAPI function NOT instrumented (not matched by --itt-config option): __itt_sync_prepare

20346 : 0x45134b24224 : 2 : ittapi_config_apply_per_lib :  ITTAPI function NOT instrumented (not matched by --itt-config option): __itt_sync_cancel

20346 : 0x45134b2484a : 2 : ittapi_config_apply_per_lib :  ITTAPI function NOT instrumented (not matched by --itt-config option): __itt_sync_acquired

20346 : 0x45134b24fb0 : 2 : ittapi_config_apply_per_lib :  ITTAPI function NOT instrumented (not matched by --itt-config option): __itt_sync_releasing

20346 : 0x45134b256be : 2 : ittapi_config_apply_per_lib :  ITTAPI function NOT instrumented (not matched by --itt-config option): __itt_model_site_begin

20346 : 0x45134b28220 : 2 : ittapi_config_apply_per_lib :  ITTAPI function NOT instrumented (not matched by --itt-config option): __itt_model_site_end

20346 : 0x45134b2896c : 2 : ittapi_config_apply_per_lib :  ITTAPI function NOT instrumented (not matched by --itt-config option): __itt_model_task_begin

20346 : 0x45134b290a8 : 2 : ittapi_config_apply_per_lib :  ITTAPI function NOT instrumented (not matched by --itt-config option): __itt_model_task_end

20346 : 0x45134b2971e : 2 : ittapi_config_apply_per_lib :  ITTAPI function NOT instrumented (not matched by --itt-config option): __itt_model_lock_acquire

20346 : 0x45134b29e02 : 2 : ittapi_config_apply_per_lib :  ITTAPI function NOT instrumented (not matched by --itt-config option): __itt_model_lock_release

20346 : 0x45134b2a4b4 : 2 : ittapi_config_apply_per_lib :  ITTAPI function NOT instrumented (not matched by --itt-config option): __itt_model_record_allocation

20346 : 0x45134b2ac06 : 2 : ittapi_config_apply_per_lib :  ITTAPI function NOT instrumented (not matched by --itt-config option): __itt_model_record_deallocation

20346 : 0x45134b2b1c2 : 2 : ittapi_config_apply_per_lib :  ITTAPI function NOT instrumented (not matched by --itt-config option): __itt_model_induction_uses

20346 : 0x45134b2b752 : 2 : ittapi_config_apply_per_lib :  ITTAPI function NOT instrumented (not matched by --itt-config option): __itt_model_reduction_uses

20346 : 0x45134b2bcae : 2 : ittapi_config_apply_per_lib :  ITTAPI function NOT instrumented (not matched by --itt-config option): __itt_model_observe_uses

20346 : 0x45134b30380 : 2 : ittapi_config_apply_per_lib :  ITTAPI function NOT instrumented (not matched by --itt-config option): __itt_model_clear_uses

20346 : 0x45134b309bc : 2 : ittapi_config_apply_per_lib :  ITTAPI function NOT instrumented (not matched by --itt-config option): __itt_model_site_beginA

20346 : 0x45134b30fae : 2 : ittapi_config_apply_per_lib :  ITTAPI function NOT instrumented (not matched by --itt-config option): __itt_model_site_beginAL

20346 : 0x45134b31548 : 2 : ittapi_config_apply_per_lib :  ITTAPI function NOT instrumented (not matched by --itt-config option): __itt_model_task_beginA

20346 : 0x45134b31ae8 : 2 : ittapi_config_apply_per_lib :  ITTAPI function NOT instrumented (not matched by --itt-config option): __itt_model_task_beginAL

20346 : 0x45134b320a4 : 2 : ittapi_config_apply_per_lib :  ITTAPI function NOT instrumented (not matched by --itt-config option): __itt_model_iteration_taskA

20346 : 0x45134b3261a : 2 : ittapi_config_apply_per_lib :  ITTAPI function NOT instrumented (not matched by --itt-config option): __itt_model_iteration_taskAL

20346 : 0x45134b32b94 : 2 : ittapi_config_apply_per_lib :  ITTAPI function NOT instrumented (not matched by --itt-config option): __itt_model_site_end_2

20346 : 0x45134b33106 : 2 : ittapi_config_apply_per_lib :  ITTAPI function NOT instrumented (not matched by --itt-config option): __itt_model_task_end_2

20346 : 0x45134b33670 : 2 : ittapi_config_apply_per_lib :  ITTAPI function NOT instrumented (not matched by --itt-config option): __itt_model_lock_acquire_2

20346 : 0x45134b3597e : 2 : ittapi_config_apply_per_lib :  ITTAPI function NOT instrumented (not matched by --itt-config option): __itt_model_lock_release_2

20346 : 0x45134b35fec : 2 : ittapi_config_apply_per_lib :  ITTAPI function NOT instrumented (not matched by --itt-config option): __itt_model_aggregate_task

20346 : 0x45134b365f6 : 2 : ittapi_config_apply_per_lib :  ITTAPI function NOT instrumented (not matched by --itt-config option): __itt_model_disable_push

20346 : 0x45134b36b8c : 2 : ittapi_config_apply_per_lib :  ITTAPI function NOT instrumented (not matched by --itt-config option): __itt_model_disable_pop

20346 : 0x45134b37486 : 2 : ittapi_config_apply_per_lib :  ITTAPI function instrumented: __itt_heap_function_create
20346 : 0x45134b37f1c : 2 : ittapi_config_apply_per_lib :  ITTAPI function instrumented: __itt_heap_allocate_begin
20346 : 0x45134b3886e : 2 : ittapi_config_apply_per_lib :  ITTAPI function instrumented: __itt_heap_allocate_end
20346 : 0x45134b39138 : 2 : ittapi_config_apply_per_lib :  ITTAPI function instrumented: __itt_heap_free_begin
20346 : 0x45134b3993c : 2 : ittapi_config_apply_per_lib :  ITTAPI function instrumented: __itt_heap_free_end
20346 : 0x45134b3a19c : 2 : ittapi_config_apply_per_lib :  ITTAPI function instrumented: __itt_heap_reallocate_begin
20346 : 0x45134b3c7f6 : 2 : ittapi_config_apply_per_lib :  ITTAPI function instrumented: __itt_heap_reallocate_end
20346 : 0x45134b3d55c : 2 : ittapi_config_apply_per_lib :  ITTAPI function not implemented: __itt_heap_internal_access_begin
20346 : 0x45134b3e0de : 2 : ittapi_config_apply_per_lib :  ITTAPI function not implemented: __itt_heap_internal_access_end
20346 : 0x45134b3eae2 : 2 : ittapi_config_apply_per_lib :  ITTAPI function not implemented: __itt_heap_record_memory_growth_begin
20346 : 0x45134b3f418 : 2 : ittapi_config_apply_per_lib :  ITTAPI function not implemented: __itt_heap_record_memory_growth_end
20346 : 0x45134b3fee6 : 2 : ittapi_config_apply_per_lib :  ITTAPI function not implemented: __itt_heap_reset_detection
20346 : 0x45134b40a00 : 2 : ittapi_config_apply_per_lib :  ITTAPI function not implemented: __itt_heap_record
20346 : 0x45134b414f0 : 2 : ittapi_config_apply_per_lib :  ITTAPI function not implemented: __itt_id_create
20346 : 0x45134b4203c : 2 : ittapi_config_apply_per_lib :  ITTAPI function not implemented: __itt_id_destroy
20346 : 0x45134b42a2c : 2 : ittapi_config_apply_per_lib :  ITTAPI function instrumented: __itt_get_timestamp
20346 : 0x45134b46858 : 2 : ittapi_config_apply_per_lib :  ITTAPI function not implemented: __itt_region_begin
20346 : 0x45134b4749e : 2 : ittapi_config_apply_per_lib :  ITTAPI function not implemented: __itt_region_end
20346 : 0x45134b47ff6 : 2 : ittapi_config_apply_per_lib :  ITTAPI function instrumented: __itt_frame_begin_v3
20346 : 0x45134b48a0c : 2 : ittapi_config_apply_per_lib :  ITTAPI function instrumented: __itt_frame_end_v3
20346 : 0x45134b49264 : 2 : ittapi_config_apply_per_lib :  ITTAPI function instrumented: __itt_frame_submit_v3
20346 : 0x45134b49bf2 : 2 : ittapi_config_apply_per_lib :  ITTAPI function not implemented: __itt_task_group
20346 : 0x45134b4a60c : 2 : ittapi_config_apply_per_lib :  ITTAPI function instrumented: __itt_task_begin
20346 : 0x45134b4aec6 : 2 : ittapi_config_apply_per_lib :  ITTAPI function instrumented: __itt_task_begin_fn
20346 : 0x45134b4b89c : 2 : ittapi_config_apply_per_lib :  ITTAPI function instrumented: __itt_task_end
20346 : 0x45134b4c292 : 2 : ittapi_config_apply_per_lib :  ITTAPI function not implemented: __itt_counter_inc_v3
20346 : 0x45134b4eb90 : 2 : ittapi_config_apply_per_lib :  ITTAPI function not implemented: __itt_counter_inc_delta_v3
20346 : 0x45134b4f4fc : 2 : ittapi_config_apply_per_lib :  ITTAPI function not implemented: __itt_counter_dec_v3
20346 : 0x45134b4fed6 : 2 : ittapi_config_apply_per_lib :  ITTAPI function not implemented: __itt_counter_dec_delta_v3
20346 : 0x45134b50b36 : 2 : ittapi_config_apply_per_lib :  ITTAPI function not implemented: __itt_marker
20346 : 0x45134b51558 : 2 : ittapi_config_apply_per_lib :  ITTAPI function instrumented: __itt_metadata_add
20346 : 0x45134b520cc : 2 : ittapi_config_apply_per_lib :  ITTAPI function not implemented: __itt_metadata_str_add
20346 : 0x45134b529c2 : 2 : ittapi_config_apply_per_lib :  ITTAPI function not implemented: __itt_relation_add_to_current
20346 : 0x45134b532b8 : 2 : ittapi_config_apply_per_lib :  ITTAPI function not implemented: __itt_relation_add
20346 : 0x45134b53b64 : 2 : ittapi_config_apply_per_lib :  ITTAPI function instrumented: __itt_event_create
20346 : 0x45134b5442c : 2 : ittapi_config_apply_per_lib :  ITTAPI function instrumented: __itt_event_start
20346 : 0x45134b5b068 : 2 : ittapi_config_apply_per_lib :  ITTAPI function instrumented: __itt_event_end
20346 : 0x45134b5bd2e : 2 : ittapi_config_apply_per_lib :  ITTAPI function NOT instrumented (not matched by --itt-config option): __itt_sync_set_name

20346 : 0x45134b5c49a : 2 : ittapi_config_apply_per_lib :  ITTAPI function NOT instrumented (not matched by --itt-config option): __itt_notify_sync_name

20346 : 0x45134b5cac8 : 2 : ittapi_config_apply_per_lib :  ITTAPI function NOT instrumented (not matched by --itt-config option): __itt_notify_sync_prepare

20346 : 0x45134b5d044 : 2 : ittapi_config_apply_per_lib :  ITTAPI function NOT instrumented (not matched by --itt-config option): __itt_notify_sync_cancel

20346 : 0x45134b5d5ba : 2 : ittapi_config_apply_per_lib :  ITTAPI function NOT instrumented (not matched by --itt-config option): __itt_notify_sync_acquired

20346 : 0x45134b5dafe : 2 : ittapi_config_apply_per_lib :  ITTAPI function NOT instrumented (not matched by --itt-config option): __itt_notify_sync_releasing

20346 : 0x45134b5e506 : 2 : ittapi_config_apply_per_lib :  ITTAPI function not implemented: __itt_memory_read
20346 : 0x45134b5ef04 : 2 : ittapi_config_apply_per_lib :  ITTAPI function not implemented: __itt_memory_write
20346 : 0x45134b5f8b4 : 2 : ittapi_config_apply_per_lib :  ITTAPI function not implemented: __itt_memory_update
20346 : 0x45134b6384e : 2 : ittapi_config_apply_per_lib :  ITTAPI function not implemented: __itt_state_get
20346 : 0x45134b6419a : 2 : ittapi_config_apply_per_lib :  ITTAPI function not implemented: __itt_state_set
20346 : 0x45134b64a5e : 2 : ittapi_config_apply_per_lib :  ITTAPI function not implemented: __itt_obj_mode_set
20346 : 0x45134b652da : 2 : ittapi_config_apply_per_lib :  ITTAPI function not implemented: __itt_thr_mode_set
20346 : 0x45134b65b6e : 2 : ittapi_config_apply_per_lib :  ITTAPI function instrumented: __itt_frame_create
20346 : 0x45134b66346 : 2 : ittapi_config_apply_per_lib :  ITTAPI function instrumented: __itt_pt_region_create
20346 : 0x45134b66c08 : 2 : ittapi_config_apply_per_lib :  ITTAPI function instrumented: __itt_frame_begin
20346 : 0x45134b67432 : 2 : ittapi_config_apply_per_lib :  ITTAPI function instrumented: __itt_frame_end
20346 : 0x45134b67d1e : 2 : ittapi_config_apply_per_lib :  ITTAPI function not implemented: __itt_counter_destroy
20346 : 0x45134b6866c : 2 : ittapi_config_apply_per_lib :  ITTAPI function instrumented: __itt_counter_inc
20346 : 0x45134b6abf4 : 2 : ittapi_config_apply_per_lib :  ITTAPI function instrumented: __itt_counter_inc_delta
20346 : 0x45134b6b4ea : 2 : ittapi_config_apply_per_lib :  ITTAPI function instrumented: __itt_counter_dec
20346 : 0x45134b6bde6 : 2 : ittapi_config_apply_per_lib :  ITTAPI function instrumented: __itt_counter_dec_delta
20346 : 0x45134b6c548 : 2 : ittapi_config_apply_per_lib :  ITTAPI function instrumented: __itt_counter_set_value
20346 : 0x45134b6ce96 : 2 : ittapi_config_apply_per_lib :  ITTAPI function not implemented: __itt_counter_set_value_ex
20346 : 0x45134b6d7c0 : 2 : ittapi_config_apply_per_lib :  ITTAPI function not implemented: __itt_mark_create
20346 : 0x45134b6e190 : 2 : ittapi_config_apply_per_lib :  ITTAPI function not implemented: __itt_mark
20346 : 0x45134b6ebd8 : 2 : ittapi_config_apply_per_lib :  ITTAPI function not implemented: __itt_mark_off
20346 : 0x45134b6f596 : 2 : ittapi_config_apply_per_lib :  ITTAPI function not implemented: __itt_mark_global
20346 : 0x45134b6fe3c : 2 : ittapi_config_apply_per_lib :  ITTAPI function not implemented: __itt_mark_global_off
20346 : 0x45134b722b2 : 2 : ittapi_config_apply_per_lib :  ITTAPI function NOT instrumented (not matched by --itt-config option): __itt_stack_caller_create

20346 : 0x45134b72a72 : 2 : ittapi_config_apply_per_lib :  ITTAPI function NOT instrumented (not matched by --itt-config option): __itt_stack_caller_destroy

20346 : 0x45134b731e8 : 2 : ittapi_config_apply_per_lib :  ITTAPI function NOT instrumented (not matched by --itt-config option): __itt_stack_callee_enter

20346 : 0x45134b73832 : 2 : ittapi_config_apply_per_lib :  ITTAPI function NOT instrumented (not matched by --itt-config option): __itt_stack_callee_leave

20346 : 0x45134b7418c : 2 : ittapi_config_apply_per_lib :  ITTAPI function not implemented: __itt_clock_domain_create
20346 : 0x45134b74c52 : 2 : ittapi_config_apply_per_lib :  ITTAPI function not implemented: __itt_clock_domain_reset
20346 : 0x45134b7559c : 2 : ittapi_config_apply_per_lib :  ITTAPI function not implemented: __itt_id_create_ex
20346 : 0x45134b76016 : 2 : ittapi_config_apply_per_lib :  ITTAPI function not implemented: __itt_id_destroy_ex
20346 : 0x45134b769f6 : 2 : ittapi_config_apply_per_lib :  ITTAPI function not implemented: __itt_task_begin_ex
20346 : 0x45134b77352 : 2 : ittapi_config_apply_per_lib :  ITTAPI function not implemented: __itt_task_begin_fn_ex
20346 : 0x45134b7c190 : 2 : ittapi_config_apply_per_lib :  ITTAPI function not implemented: __itt_task_end_ex
20346 : 0x45134b7cc80 : 2 : ittapi_config_apply_per_lib :  ITTAPI function instrumented: __itt_task_begin_overlapped
20346 : 0x45134b7d60c : 2 : ittapi_config_apply_per_lib :  ITTAPI function not implemented: __itt_task_begin_overlapped_ex
20346 : 0x45134b7df30 : 2 : ittapi_config_apply_per_lib :  ITTAPI function instrumented: __itt_task_end_overlapped
20346 : 0x45134b7e9a8 : 2 : ittapi_config_apply_per_lib :  ITTAPI function not implemented: __itt_task_end_overlapped_ex
20346 : 0x45134b7f25c : 2 : ittapi_config_apply_per_lib :  ITTAPI function not implemented: __itt_marker_ex
20346 : 0x45134b7fbf0 : 2 : ittapi_config_apply_per_lib :  ITTAPI function not implemented: __itt_metadata_add_with_scope
20346 : 0x45134b80604 : 2 : ittapi_config_apply_per_lib :  ITTAPI function not implemented: __itt_metadata_str_add_with_scope
20346 : 0x45134b80fd8 : 2 : ittapi_config_apply_per_lib :  ITTAPI function not implemented: __itt_relation_add_to_current_ex
20346 : 0x45134b818e8 : 2 : ittapi_config_apply_per_lib :  ITTAPI function not implemented: __itt_relation_add_ex
20346 : 0x45134b841f6 : 2 : ittapi_config_apply_per_lib :  ITTAPI function not implemented: __itt_track_group_create
20346 : 0x45134b84b42 : 2 : ittapi_config_apply_per_lib :  ITTAPI function not implemented: __itt_track_create
20346 : 0x45134b85448 : 2 : ittapi_config_apply_per_lib :  ITTAPI function not implemented: __itt_set_track
20346 : 0x45134b85d92 : 2 : ittapi_config_apply_per_lib :  ITTAPI function instrumented: __itt_api_version
20346 : 0x45134b86700 : 2 : ittapi_config_apply_per_lib :  ITTAPI function not implemented: __itt_av_save
20346 : 0x45134b86f08 : 2 : ittapi_config_apply_per_lib :  ITTAPI function instrumented: __itt_module_load
20346 : 0x4513750575c : 2 : ittapi_config_mask_get :  --itt-config mask to be applied: 39
20346 : 0x451375090b4 : 2 : ittapi_config_apply_per_lib :  ITTAPI function instrumented: __itt_domain_create
20346 : 0x4513750a006 : 2 : ittapi_config_apply_per_lib :  ITTAPI function instrumented: __itt_string_handle_create
20346 : 0x4513750ad38 : 2 : ittapi_config_apply_per_lib :  ITTAPI function instrumented: __itt_counter_create
20346 : 0x45137514a36 : 2 : ittapi_config_apply_per_lib :  ITTAPI function instrumented: __itt_counter_create_typed
20346 : 0x451375156bc : 2 : ittapi_config_apply_per_lib :  ITTAPI function instrumented: __itt_pause
20346 : 0x4513751630e : 2 : ittapi_config_apply_per_lib :  ITTAPI function instrumented: __itt_resume
20346 : 0x45137516db8 : 2 : ittapi_config_apply_per_lib :  ITTAPI function instrumented: __itt_thread_set_name
20346 : 0x45137517710 : 2 : ittapi_config_apply_per_lib :  ITTAPI function instrumented: __itt_thread_ignore
20346 : 0x45137517fee : 2 : ittapi_config_apply_per_lib :  ITTAPI function instrumented: __itt_thr_name_set
20346 : 0x451375187ca : 2 : ittapi_config_apply_per_lib :  ITTAPI function instrumented: __itt_thr_ignore
20346 : 0x45137519748 : 2 : ittapi_config_apply_per_lib :  ITTAPI function not implemented: __itt_enable_attach
20346 : 0x4513751a284 : 2 : ittapi_config_apply_per_lib :  ITTAPI function instrumented: __itt_detach
20346 : 0x4513751a9fc : 2 : ittapi_config_apply_per_lib :  ITTAPI function NOT instrumented (not matched by --itt-config option): __itt_sync_create

20346 : 0x4513751d80c : 2 : ittapi_config_apply_per_lib :  ITTAPI function NOT instrumented (not matched by --itt-config option): __itt_sync_rename

20346 : 0x4513751e004 : 2 : ittapi_config_apply_per_lib :  ITTAPI function NOT instrumented (not matched by --itt-config option): __itt_sync_destroy

20346 : 0x4513751e8a0 : 2 : ittapi_config_apply_per_lib :  ITTAPI function NOT instrumented (not matched by --itt-config option): __itt_sync_prepare

20346 : 0x4513751ef48 : 2 : ittapi_config_apply_per_lib :  ITTAPI function NOT instrumented (not matched by --itt-config option): __itt_sync_cancel

20346 : 0x4513751f5c2 : 2 : ittapi_config_apply_per_lib :  ITTAPI function NOT instrumented (not matched by --itt-config option): __itt_sync_acquired

20346 : 0x4513751fbb0 : 2 : ittapi_config_apply_per_lib :  ITTAPI function NOT instrumented (not matched by --itt-config option): __itt_sync_releasing

20346 : 0x45137520916 : 2 : ittapi_config_apply_per_lib :  ITTAPI function not implemented: __itt_suppress_push
20346 : 0x4513752169c : 2 : ittapi_config_apply_per_lib :  ITTAPI function not implemented: __itt_suppress_pop
20346 : 0x4513752207e : 2 : ittapi_config_apply_per_lib :  ITTAPI function not implemented: __itt_suppress_mark_range
20346 : 0x45137522ac0 : 2 : ittapi_config_apply_per_lib :  ITTAPI function not implemented: __itt_suppress_clear_range
20346 : 0x451375283c4 : 2 : ittapi_config_apply_per_lib :  ITTAPI function NOT instrumented (not matched by --itt-config option): __itt_sync_prepare

20346 : 0x45137528b08 : 2 : ittapi_config_apply_per_lib :  ITTAPI function NOT instrumented (not matched by --itt-config option): __itt_sync_cancel

20346 : 0x4513752918e : 2 : ittapi_config_apply_per_lib :  ITTAPI function NOT instrumented (not matched by --itt-config option): __itt_sync_acquired

20346 : 0x451375297a2 : 2 : ittapi_config_apply_per_lib :  ITTAPI function NOT instrumented (not matched by --itt-config option): __itt_sync_releasing

20346 : 0x45137529dd6 : 2 : ittapi_config_apply_per_lib :  ITTAPI function NOT instrumented (not matched by --itt-config option): __itt_model_site_begin

20346 : 0x4513752a3ac : 2 : ittapi_config_apply_per_lib :  ITTAPI function NOT instrumented (not matched by --itt-config option): __itt_model_site_end

20346 : 0x4513752a960 : 2 : ittapi_config_apply_per_lib :  ITTAPI function NOT instrumented (not matched by --itt-config option): __itt_model_task_begin

20346 : 0x4513752af4a : 2 : ittapi_config_apply_per_lib :  ITTAPI function NOT instrumented (not matched by --itt-config option): __itt_model_task_end

20346 : 0x4513752b4f2 : 2 : ittapi_config_apply_per_lib :  ITTAPI function NOT instrumented (not matched by --itt-config option): __itt_model_lock_acquire

20346 : 0x4513752ba8c : 2 : ittapi_config_apply_per_lib :  ITTAPI function NOT instrumented (not matched by --itt-config option): __itt_model_lock_release

20346 : 0x4513752de06 : 2 : ittapi_config_apply_per_lib :  ITTAPI function NOT instrumented (not matched by --itt-config option): __itt_model_record_allocation

20346 : 0x4513752e772 : 2 : ittapi_config_apply_per_lib :  ITTAPI function NOT instrumented (not matched by --itt-config option): __itt_model_record_deallocation

20346 : 0x4513752edd4 : 2 : ittapi_config_apply_per_lib :  ITTAPI function NOT instrumented (not matched by --itt-config option): __itt_model_induction_uses

20346 : 0x4513752f382 : 2 : ittapi_config_apply_per_lib :  ITTAPI function NOT instrumented (not matched by --itt-config option): __itt_model_reduction_uses

20346 : 0x4513752f90e : 2 : ittapi_config_apply_per_lib :  ITTAPI function NOT instrumented (not matched by --itt-config option): __itt_model_observe_uses

20346 : 0x4513752fe7c : 2 : ittapi_config_apply_per_lib :  ITTAPI function NOT instrumented (not matched by --itt-config option): __itt_model_clear_uses

20346 : 0x451375303f0 : 2 : ittapi_config_apply_per_lib :  ITTAPI function NOT instrumented (not matched by --itt-config option): __itt_model_site_beginA

20346 : 0x4513753095c : 2 : ittapi_config_apply_per_lib :  ITTAPI function NOT instrumented (not matched by --itt-config option): __itt_model_site_beginAL

20346 : 0x45137530ecc : 2 : ittapi_config_apply_per_lib :  ITTAPI function NOT instrumented (not matched by --itt-config option): __itt_model_task_beginA

20346 : 0x45137531446 : 2 : ittapi_config_apply_per_lib :  ITTAPI function NOT instrumented (not matched by --itt-config option): __itt_model_task_beginAL

20346 : 0x451375336c6 : 2 : ittapi_config_apply_per_lib :  ITTAPI function NOT instrumented (not matched by --itt-config option): __itt_model_iteration_taskA

20346 : 0x45137533d74 : 2 : ittapi_config_apply_per_lib :  ITTAPI function NOT instrumented (not matched by --itt-config option): __itt_model_iteration_taskAL

20346 : 0x45137534366 : 2 : ittapi_config_apply_per_lib :  ITTAPI function NOT instrumented (not matched by --itt-config option): __itt_model_site_end_2

20346 : 0x45137534976 : 2 : ittapi_config_apply_per_lib :  ITTAPI function NOT instrumented (not matched by --itt-config option): __itt_model_task_end_2

20346 : 0x45137534f3c : 2 : ittapi_config_apply_per_lib :  ITTAPI function NOT instrumented (not matched by --itt-config option): __itt_model_lock_acquire_2

20346 : 0x4513753557c : 2 : ittapi_config_apply_per_lib :  ITTAPI function NOT instrumented (not matched by --itt-config option): __itt_model_lock_release_2

20346 : 0x45137535bbe : 2 : ittapi_config_apply_per_lib :  ITTAPI function NOT instrumented (not matched by --itt-config option): __itt_model_aggregate_task

20346 : 0x45137536240 : 2 : ittapi_config_apply_per_lib :  ITTAPI function NOT instrumented (not matched by --itt-config option): __itt_model_disable_push

20346 : 0x45137536858 : 2 : ittapi_config_apply_per_lib :  ITTAPI function NOT instrumented (not matched by --itt-config option): __itt_model_disable_pop

20346 : 0x4513753708e : 2 : ittapi_config_apply_per_lib :  ITTAPI function instrumented: __itt_heap_function_create
20346 : 0x4513753aace : 2 : ittapi_config_apply_per_lib :  ITTAPI function instrumented: __itt_heap_allocate_begin
20346 : 0x4513753b5cc : 2 : ittapi_config_apply_per_lib :  ITTAPI function instrumented: __itt_heap_allocate_end
20346 : 0x4513753bee0 : 2 : ittapi_config_apply_per_lib :  ITTAPI function instrumented: __itt_heap_free_begin
20346 : 0x4513753c7f0 : 2 : ittapi_config_apply_per_lib :  ITTAPI function instrumented: __itt_heap_free_end
20346 : 0x4513753d06e : 2 : ittapi_config_apply_per_lib :  ITTAPI function instrumented: __itt_heap_reallocate_begin
20346 : 0x4513753d896 : 2 : ittapi_config_apply_per_lib :  ITTAPI function instrumented: __itt_heap_reallocate_end
20346 : 0x4513753e386 : 2 : ittapi_config_apply_per_lib :  ITTAPI function not implemented: __itt_heap_internal_access_begin
20346 : 0x4513753eeae : 2 : ittapi_config_apply_per_lib :  ITTAPI function not implemented: __itt_heap_internal_access_end
20346 : 0x4513753f9ec : 2 : ittapi_config_apply_per_lib :  ITTAPI function not implemented: __itt_heap_record_memory_growth_begin
20346 : 0x4513754041c : 2 : ittapi_config_apply_per_lib :  ITTAPI function not implemented: __itt_heap_record_memory_growth_end
20346 : 0x45137542b1e : 2 : ittapi_config_apply_per_lib :  ITTAPI function not implemented: __itt_heap_reset_detection
20346 : 0x451375436e8 : 2 : ittapi_config_apply_per_lib :  ITTAPI function not implemented: __itt_heap_record
20346 : 0x451375441ba : 2 : ittapi_config_apply_per_lib :  ITTAPI function not implemented: __itt_id_create
20346 : 0x45137544c62 : 2 : ittapi_config_apply_per_lib :  ITTAPI function not implemented: __itt_id_destroy
20346 : 0x451375455f6 : 2 : ittapi_config_apply_per_lib :  ITTAPI function instrumented: __itt_get_timestamp
20346 : 0x45137545fb2 : 2 : ittapi_config_apply_per_lib :  ITTAPI function not implemented: __itt_region_begin
20346 : 0x45137546a26 : 2 : ittapi_config_apply_per_lib :  ITTAPI function not implemented: __itt_region_end
20346 : 0x451375473c6 : 2 : ittapi_config_apply_per_lib :  ITTAPI function instrumented: __itt_frame_begin_v3
20346 : 0x45137547e86 : 2 : ittapi_config_apply_per_lib :  ITTAPI function instrumented: __itt_frame_end_v3
20346 : 0x4513754878a : 2 : ittapi_config_apply_per_lib :  ITTAPI function instrumented: __itt_frame_submit_v3
20346 : 0x4513754b3d6 : 2 : ittapi_config_apply_per_lib :  ITTAPI function not implemented: __itt_task_group
20346 : 0x4513754be48 : 2 : ittapi_config_apply_per_lib :  ITTAPI function instrumented: __itt_task_begin
20346 : 0x4513754c720 : 2 : ittapi_config_apply_per_lib :  ITTAPI function instrumented: __itt_task_begin_fn
20346 : 0x4513754ced0 : 2 : ittapi_config_apply_per_lib :  ITTAPI function instrumented: __itt_task_end
20346 : 0x4513754d80a : 2 : ittapi_config_apply_per_lib :  ITTAPI function not implemented: __itt_counter_inc_v3
20346 : 0x4513754e12a : 2 : ittapi_config_apply_per_lib :  ITTAPI function not implemented: __itt_counter_inc_delta_v3
20346 : 0x4513754e9ec : 2 : ittapi_config_apply_per_lib :  ITTAPI function not implemented: __itt_counter_dec_v3
20346 : 0x4513754f256 : 2 : ittapi_config_apply_per_lib :  ITTAPI function not implemented: __itt_counter_dec_delta_v3
20346 : 0x4513754fbac : 2 : ittapi_config_apply_per_lib :  ITTAPI function not implemented: __itt_marker
20346 : 0x451375504b6 : 2 : ittapi_config_apply_per_lib :  ITTAPI function instrumented: __itt_metadata_add
20346 : 0x45137555222 : 2 : ittapi_config_apply_per_lib :  ITTAPI function not implemented: __itt_metadata_str_add
20346 : 0x45137555bd4 : 2 : ittapi_config_apply_per_lib :  ITTAPI function not implemented: __itt_relation_add_to_current
20346 : 0x45137556562 : 2 : ittapi_config_apply_per_lib :  ITTAPI function not implemented: __itt_relation_add
20346 : 0x45137556e38 : 2 : ittapi_config_apply_per_lib :  ITTAPI function instrumented: __itt_event_create
20346 : 0x451375576ce : 2 : ittapi_config_apply_per_lib :  ITTAPI function instrumented: __itt_event_start
20346 : 0x45137557ed0 : 2 : ittapi_config_apply_per_lib :  ITTAPI function instrumented: __itt_event_end
20346 : 0x45137558534 : 2 : ittapi_config_apply_per_lib :  ITTAPI function NOT instrumented (not matched by --itt-config option): __itt_sync_set_name

20346 : 0x45137558c1c : 2 : ittapi_config_apply_per_lib :  ITTAPI function NOT instrumented (not matched by --itt-config option): __itt_notify_sync_name

20346 : 0x45137559240 : 2 : ittapi_config_apply_per_lib :  ITTAPI function NOT instrumented (not matched by --itt-config option): __itt_notify_sync_prepare

20346 : 0x45137559818 : 2 : ittapi_config_apply_per_lib :  ITTAPI function NOT instrumented (not matched by --itt-config option): __itt_notify_sync_cancel

20346 : 0x4513755bab0 : 2 : ittapi_config_apply_per_lib :  ITTAPI function NOT instrumented (not matched by --itt-config option): __itt_notify_sync_acquired

20346 : 0x4513755c156 : 2 : ittapi_config_apply_per_lib :  ITTAPI function NOT instrumented (not matched by --itt-config option): __itt_notify_sync_releasing

20346 : 0x4513755cbae : 2 : ittapi_config_apply_per_lib :  ITTAPI function not implemented: __itt_memory_read
20346 : 0x4513755d6a6 : 2 : ittapi_config_apply_per_lib :  ITTAPI function not implemented: __itt_memory_write
20346 : 0x4513755e084 : 2 : ittapi_config_apply_per_lib :  ITTAPI function not implemented: __itt_memory_update
20346 : 0x4513755e9ea : 2 : ittapi_config_apply_per_lib :  ITTAPI function not implemented: __itt_state_get
20346 : 0x4513755f2a2 : 2 : ittapi_config_apply_per_lib :  ITTAPI function not implemented: __itt_state_set
20346 : 0x4513755fbc8 : 2 : ittapi_config_apply_per_lib :  ITTAPI function not implemented: __itt_obj_mode_set
20346 : 0x451375604e0 : 2 : ittapi_config_apply_per_lib :  ITTAPI function not implemented: __itt_thr_mode_set
20346 : 0x45137560d52 : 2 : ittapi_config_apply_per_lib :  ITTAPI function instrumented: __itt_frame_create
20346 : 0x45137563292 : 2 : ittapi_config_apply_per_lib :  ITTAPI function instrumented: __itt_pt_region_create
20346 : 0x45137563d42 : 2 : ittapi_config_apply_per_lib :  ITTAPI function instrumented: __itt_frame_begin
20346 : 0x45137564652 : 2 : ittapi_config_apply_per_lib :  ITTAPI function instrumented: __itt_frame_end
20346 : 0x4513756506a : 2 : ittapi_config_apply_per_lib :  ITTAPI function not implemented: __itt_counter_destroy
20346 : 0x45137565aa4 : 2 : ittapi_config_apply_per_lib :  ITTAPI function instrumented: __itt_counter_inc
20346 : 0x45137566446 : 2 : ittapi_config_apply_per_lib :  ITTAPI function instrumented: __itt_counter_inc_delta
20346 : 0x45137566d28 : 2 : ittapi_config_apply_per_lib :  ITTAPI function instrumented: __itt_counter_dec
20346 : 0x451375675bc : 2 : ittapi_config_apply_per_lib :  ITTAPI function instrumented: __itt_counter_dec_delta
20346 : 0x45137567dc0 : 2 : ittapi_config_apply_per_lib :  ITTAPI function instrumented: __itt_counter_set_value
20346 : 0x45137568698 : 2 : ittapi_config_apply_per_lib :  ITTAPI function not implemented: __itt_counter_set_value_ex
20346 : 0x4513756c78c : 2 : ittapi_config_apply_per_lib :  ITTAPI function not implemented: __itt_mark_create
20346 : 0x4513756d2a8 : 2 : ittapi_config_apply_per_lib :  ITTAPI function not implemented: __itt_mark
20346 : 0x4513756ddd8 : 2 : ittapi_config_apply_per_lib :  ITTAPI function not implemented: __itt_mark_off
20346 : 0x4513756e7e8 : 2 : ittapi_config_apply_per_lib :  ITTAPI function not implemented: __itt_mark_global
20346 : 0x4513756f1b8 : 2 : ittapi_config_apply_per_lib :  ITTAPI function not implemented: __itt_mark_global_off
20346 : 0x4513756f9f4 : 2 : ittapi_config_apply_per_lib :  ITTAPI function NOT instrumented (not matched by --itt-config option): __itt_stack_caller_create

20346 : 0x451375701d0 : 2 : ittapi_config_apply_per_lib :  ITTAPI function NOT instrumented (not matched by --itt-config option): __itt_stack_caller_destroy

20346 : 0x451375708f8 : 2 : ittapi_config_apply_per_lib :  ITTAPI function NOT instrumented (not matched by --itt-config option): __itt_stack_callee_enter

20346 : 0x45137571074 : 2 : ittapi_config_apply_per_lib :  ITTAPI function NOT instrumented (not matched by --itt-config option): __itt_stack_callee_leave

20346 : 0x45137571a70 : 2 : ittapi_config_apply_per_lib :  ITTAPI function not implemented: __itt_clock_domain_create
20346 : 0x45137574412 : 2 : ittapi_config_apply_per_lib :  ITTAPI function not implemented: __itt_clock_domain_reset
20346 : 0x45137574ec0 : 2 : ittapi_config_apply_per_lib :  ITTAPI function not implemented: __itt_id_create_ex
20346 : 0x45137575960 : 2 : ittapi_config_apply_per_lib :  ITTAPI function not implemented: __itt_id_destroy_ex
20346 : 0x451375762ee : 2 : ittapi_config_apply_per_lib :  ITTAPI function not implemented: __itt_task_begin_ex
20346 : 0x45137576bb4 : 2 : ittapi_config_apply_per_lib :  ITTAPI function not implemented: __itt_task_begin_fn_ex
20346 : 0x451375774d4 : 2 : ittapi_config_apply_per_lib :  ITTAPI function not implemented: __itt_task_end_ex
20346 : 0x45137577e80 : 2 : ittapi_config_apply_per_lib :  ITTAPI function instrumented: __itt_task_begin_overlapped
20346 : 0x4513757898a : 2 : ittapi_config_apply_per_lib :  ITTAPI function not implemented: __itt_task_begin_overlapped_ex
20346 : 0x45137579200 : 2 : ittapi_config_apply_per_lib :  ITTAPI function instrumented: __itt_task_end_overlapped
20346 : 0x45137579b14 : 2 : ittapi_config_apply_per_lib :  ITTAPI function not implemented: __itt_task_end_overlapped_ex
20346 : 0x4513757c0a2 : 2 : ittapi_config_apply_per_lib :  ITTAPI function not implemented: __itt_marker_ex
20346 : 0x4513757cb70 : 2 : ittapi_config_apply_per_lib :  ITTAPI function not implemented: __itt_metadata_add_with_scope
20346 : 0x4513757d554 : 2 : ittapi_config_apply_per_lib :  ITTAPI function not implemented: __itt_metadata_str_add_with_scope
20346 : 0x4513757df82 : 2 : ittapi_config_apply_per_lib :  ITTAPI function not implemented: __itt_relation_add_to_current_ex
20346 : 0x4513757e828 : 2 : ittapi_config_apply_per_lib :  ITTAPI function not implemented: __itt_relation_add_ex
20346 : 0x4513757f1fe : 2 : ittapi_config_apply_per_lib :  ITTAPI function not implemented: __itt_track_group_create
20346 : 0x4513757fa88 : 2 : ittapi_config_apply_per_lib :  ITTAPI function not implemented: __itt_track_create
20346 : 0x45137580382 : 2 : ittapi_config_apply_per_lib :  ITTAPI function not implemented: __itt_set_track
20346 : 0x45137580ddc : 2 : ittapi_config_apply_per_lib :  ITTAPI function instrumented: __itt_api_version
20346 : 0x45137581770 : 2 : ittapi_config_apply_per_lib :  ITTAPI function not implemented: __itt_av_save
20346 : 0x45137583c7a : 2 : ittapi_config_apply_per_lib :  ITTAPI function instrumented: __itt_module_load
20346 : 0x4513b7ea12c : 2 : ittapi_config_mask_get :  --itt-config mask to be applied: 39
20346 : 0x4513b7ecb54 : 2 : ittapi_config_apply_per_lib :  ITTAPI function instrumented: __itt_domain_create
20346 : 0x4513b7edb32 : 2 : ittapi_config_apply_per_lib :  ITTAPI function instrumented: __itt_string_handle_create
20346 : 0x4513b7ee5d2 : 2 : ittapi_config_apply_per_lib :  ITTAPI function instrumented: __itt_counter_create
20346 : 0x4513b7eee40 : 2 : ittapi_config_apply_per_lib :  ITTAPI function instrumented: __itt_counter_create_typed
20346 : 0x4513b7ef914 : 2 : ittapi_config_apply_per_lib :  ITTAPI function instrumented: __itt_pause
20346 : 0x4513b7f012e : 2 : ittapi_config_apply_per_lib :  ITTAPI function instrumented: __itt_resume
20346 : 0x4513b7f09f4 : 2 : ittapi_config_apply_per_lib :  ITTAPI function instrumented: __itt_thread_set_name
20346 : 0x4513b7f127e : 2 : ittapi_config_apply_per_lib :  ITTAPI function instrumented: __itt_thread_ignore
20346 : 0x4513b7fe15c : 2 : ittapi_config_apply_per_lib :  ITTAPI function instrumented: __itt_thr_name_set
20346 : 0x4513b7fec6e : 2 : ittapi_config_apply_per_lib :  ITTAPI function instrumented: __itt_thr_ignore
20346 : 0x4513b7ffe88 : 2 : ittapi_config_apply_per_lib :  ITTAPI function not implemented: __itt_enable_attach
20346 : 0x4513b800944 : 2 : ittapi_config_apply_per_lib :  ITTAPI function instrumented: __itt_detach
20346 : 0x4513b8010c6 : 2 : ittapi_config_apply_per_lib :  ITTAPI function NOT instrumented (not matched by --itt-config option): __itt_sync_create

20346 : 0x4513b8018ea : 2 : ittapi_config_apply_per_lib :  ITTAPI function NOT instrumented (not matched by --itt-config option): __itt_sync_rename

20346 : 0x4513b801f3e : 2 : ittapi_config_apply_per_lib :  ITTAPI function NOT instrumented (not matched by --itt-config option): __itt_sync_destroy

20346 : 0x4513b80261c : 2 : ittapi_config_apply_per_lib :  ITTAPI function NOT instrumented (not matched by --itt-config option): __itt_sync_prepare

20346 : 0x4513b802cc4 : 2 : ittapi_config_apply_per_lib :  ITTAPI function NOT instrumented (not matched by --itt-config option): __itt_sync_cancel

20346 : 0x4513b8032ac : 2 : ittapi_config_apply_per_lib :  ITTAPI function NOT instrumented (not matched by --itt-config option): __itt_sync_acquired

20346 : 0x4513b80603a : 2 : ittapi_config_apply_per_lib :  ITTAPI function NOT instrumented (not matched by --itt-config option): __itt_sync_releasing

20346 : 0x4513b806c5e : 2 : ittapi_config_apply_per_lib :  ITTAPI function not implemented: __itt_suppress_push
20346 : 0x4513b807922 : 2 : ittapi_config_apply_per_lib :  ITTAPI function not implemented: __itt_suppress_pop
20346 : 0x4513b808384 : 2 : ittapi_config_apply_per_lib :  ITTAPI function not implemented: __itt_suppress_mark_range
20346 : 0x4513b808f0c : 2 : ittapi_config_apply_per_lib :  ITTAPI function not implemented: __itt_suppress_clear_range
20346 : 0x4513b80955a : 2 : ittapi_config_apply_per_lib :  ITTAPI function NOT instrumented (not matched by --itt-config option): __itt_sync_prepare

20346 : 0x4513b809bb6 : 2 : ittapi_config_apply_per_lib :  ITTAPI function NOT instrumented (not matched by --itt-config option): __itt_sync_cancel

20346 : 0x4513b80a1ac : 2 : ittapi_config_apply_per_lib :  ITTAPI function NOT instrumented (not matched by --itt-config option): __itt_sync_acquired

20346 : 0x4513b80a794 : 2 : ittapi_config_apply_per_lib :  ITTAPI function NOT instrumented (not matched by --itt-config option): __itt_sync_releasing

20346 : 0x4513b80adc0 : 2 : ittapi_config_apply_per_lib :  ITTAPI function NOT instrumented (not matched by --itt-config option): __itt_model_site_begin

20346 : 0x4513b80d9c6 : 2 : ittapi_config_apply_per_lib :  ITTAPI function NOT instrumented (not matched by --itt-config option): __itt_model_site_end

20346 : 0x4513b80e0fc : 2 : ittapi_config_apply_per_lib :  ITTAPI function NOT instrumented (not matched by --itt-config option): __itt_model_task_begin

20346 : 0x4513b80e87a : 2 : ittapi_config_apply_per_lib :  ITTAPI function NOT instrumented (not matched by --itt-config option): __itt_model_task_end

20346 : 0x4513b80ef92 : 2 : ittapi_config_apply_per_lib :  ITTAPI function NOT instrumented (not matched by --itt-config option): __itt_model_lock_acquire

20346 : 0x4513b80f6ea : 2 : ittapi_config_apply_per_lib :  ITTAPI function NOT instrumented (not matched by --itt-config option): __itt_model_lock_release

20346 : 0x4513b80fd5c : 2 : ittapi_config_apply_per_lib :  ITTAPI function NOT instrumented (not matched by --itt-config option): __itt_model_record_allocation

20346 : 0x4513b810454 : 2 : ittapi_config_apply_per_lib :  ITTAPI function NOT instrumented (not matched by --itt-config option): __itt_model_record_deallocation

20346 : 0x4513b8109ea : 2 : ittapi_config_apply_per_lib :  ITTAPI function NOT instrumented (not matched by --itt-config option): __itt_model_induction_uses

20346 : 0x4513b810f60 : 2 : ittapi_config_apply_per_lib :  ITTAPI function NOT instrumented (not matched by --itt-config option): __itt_model_reduction_uses

20346 : 0x4513b8114ce : 2 : ittapi_config_apply_per_lib :  ITTAPI function NOT instrumented (not matched by --itt-config option): __itt_model_observe_uses

20346 : 0x4513b815544 : 2 : ittapi_config_apply_per_lib :  ITTAPI function NOT instrumented (not matched by --itt-config option): __itt_model_clear_uses

20346 : 0x4513b815c0c : 2 : ittapi_config_apply_per_lib :  ITTAPI function NOT instrumented (not matched by --itt-config option): __itt_model_site_beginA

20346 : 0x4513b8161f6 : 2 : ittapi_config_apply_per_lib :  ITTAPI function NOT instrumented (not matched by --itt-config option): __itt_model_site_beginAL

20346 : 0x4513b816794 : 2 : ittapi_config_apply_per_lib :  ITTAPI function NOT instrumented (not matched by --itt-config option): __itt_model_task_beginA

20346 : 0x4513b816d70 : 2 : ittapi_config_apply_per_lib :  ITTAPI function NOT instrumented (not matched by --itt-config option): __itt_model_task_beginAL

20346 : 0x4513b81733e : 2 : ittapi_config_apply_per_lib :  ITTAPI function NOT instrumented (not matched by --itt-config option): __itt_model_iteration_taskA

20346 : 0x4513b8178ca : 2 : ittapi_config_apply_per_lib :  ITTAPI function NOT instrumented (not matched by --itt-config option): __itt_model_iteration_taskAL

20346 : 0x4513b817e48 : 2 : ittapi_config_apply_per_lib :  ITTAPI function NOT instrumented (not matched by --itt-config option): __itt_model_site_end_2

20346 : 0x4513b8183d4 : 2 : ittapi_config_apply_per_lib :  ITTAPI function NOT instrumented (not matched by --itt-config option): __itt_model_task_end_2

20346 : 0x4513b818954 : 2 : ittapi_config_apply_per_lib :  ITTAPI function NOT instrumented (not matched by --itt-config option): __itt_model_lock_acquire_2

20346 : 0x4513b81aca8 : 2 : ittapi_config_apply_per_lib :  ITTAPI function NOT instrumented (not matched by --itt-config option): __itt_model_lock_release_2

20346 : 0x4513b81b300 : 2 : ittapi_config_apply_per_lib :  ITTAPI function NOT instrumented (not matched by --itt-config option): __itt_model_aggregate_task

20346 : 0x4513b81b8ec : 2 : ittapi_config_apply_per_lib :  ITTAPI function NOT instrumented (not matched by --itt-config option): __itt_model_disable_push

20346 : 0x4513b81be90 : 2 : ittapi_config_apply_per_lib :  ITTAPI function NOT instrumented (not matched by --itt-config option): __itt_model_disable_pop

20346 : 0x4513b81c846 : 2 : ittapi_config_apply_per_lib :  ITTAPI function instrumented: __itt_heap_function_create
20346 : 0x4513b81d2fe : 2 : ittapi_config_apply_per_lib :  ITTAPI function instrumented: __itt_heap_allocate_begin
20346 : 0x4513b81dc02 : 2 : ittapi_config_apply_per_lib :  ITTAPI function instrumented: __itt_heap_allocate_end
20346 : 0x4513b81e4b2 : 2 : ittapi_config_apply_per_lib :  ITTAPI function instrumented: __itt_heap_free_begin
20346 : 0x4513b81edc0 : 2 : ittapi_config_apply_per_lib :  ITTAPI function instrumented: __itt_heap_free_end
20346 : 0x4513b81f6de : 2 : ittapi_config_apply_per_lib :  ITTAPI function instrumented: __itt_heap_reallocate_begin
20346 : 0x4513b821b90 : 2 : ittapi_config_apply_per_lib :  ITTAPI function instrumented: __itt_heap_reallocate_end
20346 : 0x4513b8229a0 : 2 : ittapi_config_apply_per_lib :  ITTAPI function not implemented: __itt_heap_internal_access_begin
20346 : 0x4513b823512 : 2 : ittapi_config_apply_per_lib :  ITTAPI function not implemented: __itt_heap_internal_access_end
20346 : 0x4513b823fb0 : 2 : ittapi_config_apply_per_lib :  ITTAPI function not implemented: __itt_heap_record_memory_growth_begin
20346 : 0x4513b8249ac : 2 : ittapi_config_apply_per_lib :  ITTAPI function not implemented: __itt_heap_record_memory_growth_end
20346 : 0x4513b8254b6 : 2 : ittapi_config_apply_per_lib :  ITTAPI function not implemented: __itt_heap_reset_detection
20346 : 0x4513b825f56 : 2 : ittapi_config_apply_per_lib :  ITTAPI function not implemented: __itt_heap_record
20346 : 0x4513b8269e4 : 2 : ittapi_config_apply_per_lib :  ITTAPI function not implemented: __itt_id_create
20346 : 0x4513b82743e : 2 : ittapi_config_apply_per_lib :  ITTAPI function not implemented: __itt_id_destroy
20346 : 0x4513b827e2e : 2 : ittapi_config_apply_per_lib :  ITTAPI function instrumented: __itt_get_timestamp
20346 : 0x4513b82bb4c : 2 : ittapi_config_apply_per_lib :  ITTAPI function not implemented: __itt_region_begin
20346 : 0x4513b82c710 : 2 : ittapi_config_apply_per_lib :  ITTAPI function not implemented: __itt_region_end
20346 : 0x4513b82d03a : 2 : ittapi_config_apply_per_lib :  ITTAPI function instrumented: __itt_frame_begin_v3
20346 : 0x4513b82d9b2 : 2 : ittapi_config_apply_per_lib :  ITTAPI function instrumented: __itt_frame_end_v3
20346 : 0x4513b82e1ea : 2 : ittapi_config_apply_per_lib :  ITTAPI function instrumented: __itt_frame_submit_v3
20346 : 0x4513b82ebfc : 2 : ittapi_config_apply_per_lib :  ITTAPI function not implemented: __itt_task_group
20346 : 0x4513b82f64e : 2 : ittapi_config_apply_per_lib :  ITTAPI function instrumented: __itt_task_begin
20346 : 0x4513b830026 : 2 : ittapi_config_apply_per_lib :  ITTAPI function instrumented: __itt_task_begin_fn
20346 : 0x4513b8308d2 : 2 : ittapi_config_apply_per_lib :  ITTAPI function instrumented: __itt_task_end
20346 : 0x4513b831296 : 2 : ittapi_config_apply_per_lib :  ITTAPI function not implemented: __itt_counter_inc_v3
20346 : 0x4513b833bf2 : 2 : ittapi_config_apply_per_lib :  ITTAPI function not implemented: __itt_counter_inc_delta_v3
20346 : 0x4513b834636 : 2 : ittapi_config_apply_per_lib :  ITTAPI function not implemented: __itt_counter_dec_v3
20346 : 0x4513b83505c : 2 : ittapi_config_apply_per_lib :  ITTAPI function not implemented: __itt_counter_dec_delta_v3
20346 : 0x4513b835b30 : 2 : ittapi_config_apply_per_lib :  ITTAPI function not implemented: __itt_marker
20346 : 0x4513b8364be : 2 : ittapi_config_apply_per_lib :  ITTAPI function instrumented: __itt_metadata_add
20346 : 0x4513b836f3a : 2 : ittapi_config_apply_per_lib :  ITTAPI function not implemented: __itt_metadata_str_add
20346 : 0x4513b837830 : 2 : ittapi_config_apply_per_lib :  ITTAPI function not implemented: __itt_relation_add_to_current
20346 : 0x4513b838190 : 2 : ittapi_config_apply_per_lib :  ITTAPI function not implemented: __itt_relation_add
20346 : 0x4513b8389be : 2 : ittapi_config_apply_per_lib :  ITTAPI function instrumented: __itt_event_create
20346 : 0x4513b839222 : 2 : ittapi_config_apply_per_lib :  ITTAPI function instrumented: __itt_event_start
20346 : 0x4513b83b6b8 : 2 : ittapi_config_apply_per_lib :  ITTAPI function instrumented: __itt_event_end
20346 : 0x4513b83be32 : 2 : ittapi_config_apply_per_lib :  ITTAPI function NOT instrumented (not matched by --itt-config option): __itt_sync_set_name

20346 : 0x4513b83c560 : 2 : ittapi_config_apply_per_lib :  ITTAPI function NOT instrumented (not matched by --itt-config option): __itt_notify_sync_name

20346 : 0x4513b83cb6e : 2 : ittapi_config_apply_per_lib :  ITTAPI function NOT instrumented (not matched by --itt-config option): __itt_notify_sync_prepare

20346 : 0x4513b83d0ec : 2 : ittapi_config_apply_per_lib :  ITTAPI function NOT instrumented (not matched by --itt-config option): __itt_notify_sync_cancel

20346 : 0x4513b83d674 : 2 : ittapi_config_apply_per_lib :  ITTAPI function NOT instrumented (not matched by --itt-config option): __itt_notify_sync_acquired

20346 : 0x4513b83dc16 : 2 : ittapi_config_apply_per_lib :  ITTAPI function NOT instrumented (not matched by --itt-config option): __itt_notify_sync_releasing

20346 : 0x4513b83e5f2 : 2 : ittapi_config_apply_per_lib :  ITTAPI function not implemented: __itt_memory_read
20346 : 0x4513b83eff6 : 2 : ittapi_config_apply_per_lib :  ITTAPI function not implemented: __itt_memory_write
20346 : 0x4513b83f982 : 2 : ittapi_config_apply_per_lib :  ITTAPI function not implemented: __itt_memory_update
20346 : 0x4513b842d40 : 2 : ittapi_config_apply_per_lib :  ITTAPI function not implemented: __itt_state_get
20346 : 0x4513b843702 : 2 : ittapi_config_apply_per_lib :  ITTAPI function not implemented: __itt_state_set
20346 : 0x4513b843fe0 : 2 : ittapi_config_apply_per_lib :  ITTAPI function not implemented: __itt_obj_mode_set
20346 : 0x4513b844856 : 2 : ittapi_config_apply_per_lib :  ITTAPI function not implemented: __itt_thr_mode_set
20346 : 0x4513b845060 : 2 : ittapi_config_apply_per_lib :  ITTAPI function instrumented: __itt_frame_create
20346 : 0x4513b84593c : 2 : ittapi_config_apply_per_lib :  ITTAPI function instrumented: __itt_pt_region_create
20346 : 0x4513b846242 : 2 : ittapi_config_apply_per_lib :  ITTAPI function instrumented: __itt_frame_begin
20346 : 0x4513b846a06 : 2 : ittapi_config_apply_per_lib :  ITTAPI function instrumented: __itt_frame_end
20346 : 0x4513b847302 : 2 : ittapi_config_apply_per_lib :  ITTAPI function not implemented: __itt_counter_destroy
20346 : 0x4513b847c78 : 2 : ittapi_config_apply_per_lib :  ITTAPI function instrumented: __itt_counter_inc
20346 : 0x4513b84a9e6 : 2 : ittapi_config_apply_per_lib :  ITTAPI function instrumented: __itt_counter_inc_delta
20346 : 0x4513b84b2d0 : 2 : ittapi_config_apply_per_lib :  ITTAPI function instrumented: __itt_counter_dec
20346 : 0x4513b84bbe0 : 2 : ittapi_config_apply_per_lib :  ITTAPI function instrumented: __itt_counter_dec_delta
20346 : 0x4513b84c450 : 2 : ittapi_config_apply_per_lib :  ITTAPI function instrumented: __itt_counter_set_value
20346 : 0x4513b84cf94 : 2 : ittapi_config_apply_per_lib :  ITTAPI function not implemented: __itt_counter_set_value_ex
20346 : 0x4513b84d90e : 2 : ittapi_config_apply_per_lib :  ITTAPI function not implemented: __itt_mark_create
20346 : 0x4513b84e32c : 2 : ittapi_config_apply_per_lib :  ITTAPI function not implemented: __itt_mark
20346 : 0x4513b84ed0c : 2 : ittapi_config_apply_per_lib :  ITTAPI function not implemented: __itt_mark_off
20346 : 0x4513b84f74c : 2 : ittapi_config_apply_per_lib :  ITTAPI function not implemented: __itt_mark_global
20346 : 0x4513b8500ec : 2 : ittapi_config_apply_per_lib :  ITTAPI function not implemented: __itt_mark_global_off
20346 : 0x4513b852618 : 2 : ittapi_config_apply_per_lib :  ITTAPI function NOT instrumented (not matched by --itt-config option): __itt_stack_caller_create

20346 : 0x4513b852d70 : 2 : ittapi_config_apply_per_lib :  ITTAPI function NOT instrumented (not matched by --itt-config option): __itt_stack_caller_destroy

20346 : 0x4513b853382 : 2 : ittapi_config_apply_per_lib :  ITTAPI function NOT instrumented (not matched by --itt-config option): __itt_stack_callee_enter

20346 : 0x4513b853a06 : 2 : ittapi_config_apply_per_lib :  ITTAPI function NOT instrumented (not matched by --itt-config option): __itt_stack_callee_leave

20346 : 0x4513b854394 : 2 : ittapi_config_apply_per_lib :  ITTAPI function not implemented: __itt_clock_domain_create
20346 : 0x4513b854ee4 : 2 : ittapi_config_apply_per_lib :  ITTAPI function not implemented: __itt_clock_domain_reset
20346 : 0x4513b855812 : 2 : ittapi_config_apply_per_lib :  ITTAPI function not implemented: __itt_id_create_ex
20346 : 0x4513b856192 : 2 : ittapi_config_apply_per_lib :  ITTAPI function not implemented: __itt_id_destroy_ex
20346 : 0x4513b856b24 : 2 : ittapi_config_apply_per_lib :  ITTAPI function not implemented: __itt_task_begin_ex
20346 : 0x4513b857482 : 2 : ittapi_config_apply_per_lib :  ITTAPI function not implemented: __itt_task_begin_fn_ex
20346 : 0x4513b859eb8 : 2 : ittapi_config_apply_per_lib :  ITTAPI function not implemented: __itt_task_end_ex
20346 : 0x4513b85ab08 : 2 : ittapi_config_apply_per_lib :  ITTAPI function instrumented: __itt_task_begin_overlapped
20346 : 0x4513b85b66c : 2 : ittapi_config_apply_per_lib :  ITTAPI function not implemented: __itt_task_begin_overlapped_ex
20346 : 0x4513b85c066 : 2 : ittapi_config_apply_per_lib :  ITTAPI function instrumented: __itt_task_end_overlapped
20346 : 0x4513b85c9e8 : 2 : ittapi_config_apply_per_lib :  ITTAPI function not implemented: __itt_task_end_overlapped_ex
20346 : 0x4513b85d35c : 2 : ittapi_config_apply_per_lib :  ITTAPI function not implemented: __itt_marker_ex
20346 : 0x4513b85dd60 : 2 : ittapi_config_apply_per_lib :  ITTAPI function not implemented: __itt_metadata_add_with_scope
20346 : 0x4513b85e7a2 : 2 : ittapi_config_apply_per_lib :  ITTAPI function not implemented: __itt_metadata_str_add_with_scope
20346 : 0x4513b85f23e : 2 : ittapi_config_apply_per_lib :  ITTAPI function not implemented: __itt_relation_add_to_current_ex
20346 : 0x4513b85fb36 : 2 : ittapi_config_apply_per_lib :  ITTAPI function not implemented: __itt_relation_add_ex
20346 : 0x4513b863776 : 2 : ittapi_config_apply_per_lib :  ITTAPI function not implemented: __itt_track_group_create
20346 : 0x4513b8640f6 : 2 : ittapi_config_apply_per_lib :  ITTAPI function not implemented: __itt_track_create
20346 : 0x4513b864a0a : 2 : ittapi_config_apply_per_lib :  ITTAPI function not implemented: __itt_set_track
20346 : 0x4513b865260 : 2 : ittapi_config_apply_per_lib :  ITTAPI function instrumented: __itt_api_version
20346 : 0x4513b865b92 : 2 : ittapi_config_apply_per_lib :  ITTAPI function not implemented: __itt_av_save
20346 : 0x4513b8664b4 : 2 : ittapi_config_apply_per_lib :  ITTAPI function instrumented: __itt_module_load